#
# A fatal error has been detected by the Java Runtime Environment:
#
#  EXCEPTION_ACCESS_VIOLATION (0xc0000005) at pc=0x00007ff83d3ffa2a, pid=5164, tid=24900
#
# JRE version: OpenJDK Runtime Environment Temurin-17.0.4.1+1 (17.0.4.1+1) (build 17.0.4.1+1)
# Java VM: OpenJDK 64-Bit Server VM Temurin-17.0.4.1+1 (17.0.4.1+1, mixed mode, tiered, compressed oops, compressed class ptrs, g1 gc, windows-amd64)
# Problematic frame:
# V  [jvm.dll+0x79fa2a]
#
# No core dump will be written. Minidumps are not enabled by default on client versions of Windows
#
# If you would like to submit a bug report, please visit:
#   https://github.com/adoptium/adoptium-support/issues
#

---------------  S U M M A R Y ------------

Command Line: -XX:+ShowCodeDetailsInExceptionMessages -agentlib:jdwp=transport=dt_socket,suspend=y,address=localhost:3915 -ea -javaagent:C:\Users\dufqn\eclipse\jee-2022-09\eclipse\configuration\org.eclipse.osgi\421\0\.cp\lib\javaagent-shaded.jar -Dfile.encoding=UTF-8 --module-path=C:\Users\dufqn\eclipse-workspace\stack\bin -Djdk.module.main=stack stack/stack.stackMain

Host: AMD Ryzen 5 3600 6-Core Processor              , 12 cores, 15G,  Windows 10 , 64 bit Build 19041 (10.0.19041.3155)
Time: Tue Aug 29 22:13:22 2023  Windows 10 , 64 bit Build 19041 (10.0.19041.3155) elapsed time: 648.804690 seconds (0d 0h 10m 48s)

---------------  T H R E A D  ---------------

Current thread (0x00000196343fdcc0):  JavaThread "JDWP Transport Listener: dt_socket" daemon [_thread_in_vm, id=24900, stack(0x00000067c2b00000,0x00000067c2c00000)]

Stack: [0x00000067c2b00000,0x00000067c2c00000],  sp=0x00000067c2bff7e0,  free space=1021k
Native frames: (J=compiled Java code, j=interpreted, Vv=VM code, C=native code)
V  [jvm.dll+0x79fa2a]
V  [jvm.dll+0x50965c]
V  [jvm.dll+0x4d0cc4]
C  [jdwp.dll+0x22f7b]


siginfo: EXCEPTION_ACCESS_VIOLATION (0xc0000005), reading address 0x000000000068006b


Register to memory mapping:

RIP=0x00007ff83d3ffa2a jvm.dll
RAX=0x0000000000000069 is an unknown value
RBX=0x00000196340a0298 points into unknown readable memory: 0x63003b656c626100 | 00 61 62 6c 65 3b 00 63
RCX=0x0000000000680067 is an unknown value
RDX=0x0000019634bb1c30 points into unknown readable memory: 0x612f6b636174734c | 4c 73 74 61 63 6b 2f 61
RSP=0x00000067c2bff7e0 is pointing into the stack for thread: 0x00000196343fdcc0
RBP=0x000001963432b930 points into unknown readable memory: 0x0000000000000002 | 02 00 00 00 00 00 00 00
RSI=0x0 is NULL
RDI=0xffffffffffffffff is an unknown value
R8 =0x0000000000000003 is an unknown value
R9 =0x000000000000001d is an unknown value
R10=0x0 is NULL
R11=0x00000067c2bff800 is pointing into the stack for thread: 0x00000196343fdcc0
R12=0x00000067c2bff938 is pointing into the stack for thread: 0x00000196343fdcc0
R13=0x0 is NULL
R14=0x00000008001056f8 is a pointer to class: 
stack.arrayBasedStack {0x0000000800105700}
 - instance size:     3
 - klass size:        73
 - access:            public synchronized 
 - state:             fully_initialized
 - name:              'stack/arrayBasedStack'
 - super:             'stack/stack'
 - sub:               
 - arrays:            NULL
 - methods:           Array<T>(0x000001963513b570)
 - method ordering:   Array<T>(0x000001963513cc98)
 - default_methods:   Array<T>(0x0000000000000000)
 - local interfaces:  Array<T>(0x0000019633800058)
 - trans. interfaces: Array<T>(0x0000019633800058)
 - constants:         constant pool [112] {0x000001963513e558} for 'stack/arrayBasedStack' cache=0x000001963513b5c0
 - class loader data:  loader data: 0x000001963401ede0 for instance a 'jdk/internal/loader/ClassLoaders$AppClassLoader'{0x0000000710ef0988}
 - source file:       'arrayBasedStack.java'
 - source debug extension:       SMAP
arrayBasedStack.java
Java
*S jdt
*F
1 arrayBasedStack.java
2 file:/C:/Users/dufqn/eclipse-workspace/stack/bin/
*L
*E

 - class annotations:       Array<T>(0x0000000000000000)
 - class type annotations:  Array<T>(0x0000000000000000)
 - field annotations:       Array<T>(0x0000000000000000)
 - field type annotations:  Array<T>(0x0000000000000000)
 - generic signature: '
[error occurred during error reporting (printing register info), id 0xc0000005, EXCEPTION_ACCESS_VIOLATION (0xc0000005) at pc=0x00007ff83d400636]

Registers:
RAX=0x0000000000000069, RBX=0x00000196340a0298, RCX=0x0000000000680067, RDX=0x0000019634bb1c30
RSP=0x00000067c2bff7e0, RBP=0x000001963432b930, RSI=0x0000000000000000, RDI=0xffffffffffffffff
R8 =0x0000000000000003, R9 =0x000000000000001d, R10=0x0000000000000000, R11=0x00000067c2bff800
R12=0x00000067c2bff938, R13=0x0000000000000000, R14=0x00000008001056f8, R15=0x00000067c2bff988
RIP=0x00007ff83d3ffa2a, EFLAGS=0x0000000000010202

Top of Stack: (sp=0x00000067c2bff7e0)
0x00000067c2bff7e0:   0000000000000015 00000008001056f8
0x00000067c2bff7f0:   00000196343fdcc0 0000000000000000
0x00000067c2bff800:   ffffffffffffffff 00007ff83d16965c
0x00000067c2bff810:   00000196340a0298 00000196340a0280
0x00000067c2bff820:   000001963432b930 0000019634859600
0x00000067c2bff830:   00000196340a0250 00000000000003d8
0x00000067c2bff840:   00000196340a0260 00000196340a0638
0x00000067c2bff850:   0000000000000002 00000067c2bff938
0x00000067c2bff860:   0000000000000000 0000000000000000
0x00000067c2bff870:   0000000710bcdf78 00007ff83d130cc4
0x00000067c2bff880:   00000196343fdcc0 00000067c2bff988
0x00000067c2bff890:   0000019614401330 00000067c2bff988
0x00000067c2bff8a0:   00000196343fdcc0 0000000000000000
0x00000067c2bff8b0:   0000019600000000 0000000000000000
0x00000067c2bff8c0:   000000000000000d 00007ff899282f7b
0x00000067c2bff8d0:   00000067c2bff980 00007ff899291600 

Instructions: (pc=0x00007ff83d3ffa2a)
0x00007ff83d3ff92a:   48 83 c4 20 5f e9 bc 69 90 ff cc cc cc cc cc cc
0x00007ff83d3ff93a:   cc cc cc cc cc cc 48 89 5c 24 08 57 48 83 ec 20
0x00007ff83d3ff94a:   83 fa 02 8d 42 06 b9 08 00 00 00 49 8b d8 0f 4e
0x00007ff83d3ff95a:   c1 48 63 c8 48 83 c1 07 83 e1 f8 48 63 f9 49 8b
0x00007ff83d3ff96a:   48 18 48 8b c7 48 f7 d0 48 3b c1 73 16 4c 8d 05
0x00007ff83d3ff97a:   ba 58 17 00 48 8b d7 48 8b cb e8 c7 cc 90 ff 48
0x00007ff83d3ff98a:   8b 4b 18 48 8d 04 39 48 3b 43 20 76 18 45 33 c0
0x00007ff83d3ff99a:   48 8b d7 48 8b cb 48 8b 5c 24 30 48 83 c4 20 5f
0x00007ff83d3ff9aa:   e9 21 c9 90 ff 48 89 43 18 48 8b c1 48 8b 5c 24
0x00007ff83d3ff9ba:   30 48 83 c4 20 5f c3 cc cc cc cc cc cc cc cc cc
0x00007ff83d3ff9ca:   cc cc cc cc cc cc 4c 8b d2 4c 8b d9 45 85 c0 7e
0x00007ff83d3ff9da:   3c 44 0f b7 49 04 41 8d 40 ff 41 3b c1 44 0f 4c
0x00007ff83d3ff9ea:   c8 4d 63 c1 45 85 c9 7e 1f 48 8b c2 4c 2b da 49
0x00007ff83d3ff9fa:   8b d0 0f 1f 40 00 41 0f b6 4c 03 06 88 08 48 8d
0x00007ff83d3ffa0a:   40 01 48 83 ea 01 75 ee 43 c6 04 10 00 49 8b c2
0x00007ff83d3ffa1a:   c3 cc cc cc cc cc 48 89 5c 24 08 57 48 83 ec 20
0x00007ff83d3ffa2a:   0f b7 59 04 48 8b f9 33 d2 48 8d 4b 01 e8 f4 d9
0x00007ff83d3ffa3a:   f2 ff 0f b7 57 04 4c 8b c0 3b da 0f 42 d3 44 8b
0x00007ff83d3ffa4a:   ca 85 d2 74 39 48 2b f8 0f 1f 40 00 66 66 0f 1f
0x00007ff83d3ffa5a:   84 00 00 00 00 00 0f b6 4c 07 06 88 08 48 ff c0
0x00007ff83d3ffa6a:   48 8b c8 49 2b c8 49 3b c9 7c eb 42 c6 04 02 00
0x00007ff83d3ffa7a:   49 8b c0 48 8b 5c 24 30 48 83 c4 20 5f c3 48 8b
0x00007ff83d3ffa8a:   5c 24 30 c6 04 02 00 48 83 c4 20 5f c3 cc cc cc
0x00007ff83d3ffa9a:   cc cc cc cc cc cc 4c 8b d1 45 85 c0 7e 6c 44 0f
0x00007ff83d3ffaaa:   b7 49 04 41 8d 40 ff 41 3b c1 44 0f 4c c8 4d 63
0x00007ff83d3ffaba:   d9 45 85 c9 7e 22 48 8b ca 4c 2b d2 4d 8b c3 0f
0x00007ff83d3ffaca:   1f 80 00 00 00 00 41 0f b6 44 0a 06 88 01 48 8d
0x00007ff83d3ffada:   49 01 49 83 e8 01 75 ee 41 c6 04 13 00 48 c7 c0
0x00007ff83d3ffaea:   ff ff ff ff 66 90 48 ff c0 80 3c 02 00 75 f7 48
0x00007ff83d3ffafa:   63 c8 85 c0 48 8b c2 7e 14 80 38 2f 75 03 c6 00
0x00007ff83d3ffb0a:   2e 48 ff c0 48 83 e9 01 75 ef 48 8b c2 c3 cc cc
0x00007ff83d3ffb1a:   cc cc cc cc cc cc 48 83 ec 28 e8 f7 fe ff ff 4c 


Stack slot to memory mapping:
stack at sp + 0 slots: 0x0000000000000015 is an unknown value
stack at sp + 1 slots: 0x00000008001056f8 is a pointer to class: 
stack.arrayBasedStack {0x0000000800105700}
 - instance size:     3
 - klass size:        73
 - access:            public synchronized 
 - state:             fully_initialized
 - name:              'stack/arrayBasedStack'
 - super:             'stack/stack'
 - sub:               
 - arrays:            NULL
 - methods:           Array<T>(0x000001963513b570)
 - method ordering:   Array<T>(0x000001963513cc98)
 - default_methods:   Array<T>(0x0000000000000000)
 - local interfaces:  Array<T>(0x0000019633800058)
 - trans. interfaces: Array<T>(0x0000019633800058)
 - constants:         constant pool [112] {0x000001963513e558} for 'stack/arrayBasedStack' cache=0x000001963513b5c0
 - class loader data:  loader data: 0x000001963401ede0 for instance a 'jdk/internal/loader/ClassLoaders$AppClassLoader'{0x0000000710ef0988}
 - source file:       'arrayBasedStack.java'
 - source debug extension:       SMAP
arrayBasedStack.java
Java
*S jdt
*F
1 arrayBasedStack.java
2 file:/C:/Users/dufqn/eclipse-workspace/stack/bin/
*L
*E

 - class annotations:       Array<T>(0x0000000000000000)
 - class type annotations:  Array<T>(0x0000000000000000)
 - field annotations:       Array<T>(0x0000000000000000)
 - field type annotations:  Array<T>(0x0000000000000000)
 - generic signature: '
[error occurred during error reporting (inspecting top of stack), id 0xc0000005, EXCEPTION_ACCESS_VIOLATION (0xc0000005) at pc=0x00007ff83d400636]


---------------  P R O C E S S  ---------------

Threads class SMR info:
_java_thread_list=0x00000196348570e0, length=15, elements={
0x00000196144157e0, 0x0000019633436650, 0x000001963401b0d0, 0x0000019634095420,
0x0000019634095fd0, 0x000001963406e9c0, 0x000001963406fa20, 0x00000196340707b0,
0x00000196340cdc00, 0x00000196340cf2b0, 0x0000019634158770, 0x00000196343fdcc0,
0x0000019634327bc0, 0x00000196343282a0, 0x00000196347a9cf0
}

Java Threads: ( => current thread )
  0x00000196144157e0 JavaThread "main" [_thread_blocked, id=8688, stack(0x00000067c1a00000,0x00000067c1b00000)]
  0x0000019633436650 JavaThread "Reference Handler" daemon [_thread_blocked, id=19192, stack(0x00000067c2100000,0x00000067c2200000)]
  0x000001963401b0d0 JavaThread "Finalizer" daemon [_thread_blocked, id=3420, stack(0x00000067c2200000,0x00000067c2300000)]
  0x0000019634095420 JavaThread "Signal Dispatcher" daemon [_thread_blocked, id=14224, stack(0x00000067c2300000,0x00000067c2400000)]
  0x0000019634095fd0 JavaThread "Attach Listener" daemon [_thread_blocked, id=26892, stack(0x00000067c2400000,0x00000067c2500000)]
  0x000001963406e9c0 JavaThread "Service Thread" daemon [_thread_blocked, id=26656, stack(0x00000067c2500000,0x00000067c2600000)]
  0x000001963406fa20 JavaThread "Monitor Deflation Thread" daemon [_thread_blocked, id=26484, stack(0x00000067c2600000,0x00000067c2700000)]
  0x00000196340707b0 JavaThread "C2 CompilerThread0" daemon [_thread_blocked, id=24264, stack(0x00000067c2700000,0x00000067c2800000)]
  0x00000196340cdc00 JavaThread "C1 CompilerThread0" daemon [_thread_blocked, id=8896, stack(0x00000067c2800000,0x00000067c2900000)]
  0x00000196340cf2b0 JavaThread "Sweeper thread" daemon [_thread_blocked, id=20360, stack(0x00000067c2900000,0x00000067c2a00000)]
  0x0000019634158770 JavaThread "Common-Cleaner" daemon [_thread_blocked, id=20636, stack(0x00000067c2a00000,0x00000067c2b00000)]
=>0x00000196343fdcc0 JavaThread "JDWP Transport Listener: dt_socket" daemon [_thread_in_vm, id=24900, stack(0x00000067c2b00000,0x00000067c2c00000)]
  0x0000019634327bc0 JavaThread "JDWP Event Helper Thread" daemon [_thread_blocked, id=25624, stack(0x00000067c2c00000,0x00000067c2d00000)]
  0x00000196343282a0 JavaThread "JDWP Command Reader" daemon [_thread_in_native, id=2788, stack(0x00000067c2d00000,0x00000067c2e00000)]
  0x00000196347a9cf0 JavaThread "Notification Thread" daemon [_thread_blocked, id=16864, stack(0x00000067c2e00000,0x00000067c2f00000)]

Other Threads:
  0x0000019633432740 VMThread "VM Thread" [stack: 0x00000067c2000000,0x00000067c2100000] [id=1628]
  0x000001961449ad10 WatcherThread [stack: 0x00000067c2f00000,0x00000067c3000000] [id=6404]
  0x00000196144803f0 GCTaskThread "GC Thread#0" [stack: 0x00000067c1b00000,0x00000067c1c00000] [id=22292]
  0x0000019614491aa0 ConcurrentGCThread "G1 Main Marker" [stack: 0x00000067c1c00000,0x00000067c1d00000] [id=11768]
  0x00000196144934c0 ConcurrentGCThread "G1 Conc#0" [stack: 0x00000067c1d00000,0x00000067c1e00000] [id=20824]
  0x00000196332e54f0 ConcurrentGCThread "G1 Refine#0" [stack: 0x00000067c1e00000,0x00000067c1f00000] [id=4788]
  0x00000196332e5e20 ConcurrentGCThread "G1 Service" [stack: 0x00000067c1f00000,0x00000067c2000000] [id=14452]

Threads with active compile tasks:

VM state: not at safepoint (normal execution)

VM Mutex/Monitor currently owned by a thread: None

Heap address: 0x0000000701000000, size: 4080 MB, Compressed Oops mode: Zero based, Oop shift amount: 3

CDS archive(s) not mapped
Compressed class space mapped at: 0x0000000800000000-0x0000000840000000, reserved size: 1073741824
Narrow klass base: 0x0000000800000000, Narrow klass shift: 0, Narrow klass range: 0x40000000

GC Precious Log:
 CPUs: 12 total, 12 available
 Memory: 16314M
 Large Page Support: Disabled
 NUMA Support: Disabled
 Compressed Oops: Enabled (Zero based)
 Heap Region Size: 2M
 Heap Min Capacity: 8M
 Heap Initial Capacity: 256M
 Heap Max Capacity: 4080M
 Pre-touch: Disabled
 Parallel Workers: 10
 Concurrent Workers: 3
 Concurrent Refinement Workers: 10
 Periodic GC: Disabled

Heap:
 garbage-first heap   total 262144K, used 4096K [0x0000000701000000, 0x0000000800000000)
  region size 2048K, 3 young (6144K), 0 survivors (0K)
 Metaspace       used 9832K, committed 9984K, reserved 1064960K
  class space    used 869K, committed 960K, reserved 1048576K

Heap Regions: E=young(eden), S=young(survivor), O=old, HS=humongous(starts), HC=humongous(continues), CS=collection set, F=free, OA=open archive, CA=closed archive, TAMS=top-at-mark-start (previous, next)
|   0|0x0000000701000000, 0x0000000701000000, 0x0000000701200000|  0%| F|  |TAMS 0x0000000701000000, 0x0000000701000000| Untracked 
|   1|0x0000000701200000, 0x0000000701200000, 0x0000000701400000|  0%| F|  |TAMS 0x0000000701200000, 0x0000000701200000| Untracked 
|   2|0x0000000701400000, 0x0000000701400000, 0x0000000701600000|  0%| F|  |TAMS 0x0000000701400000, 0x0000000701400000| Untracked 
|   3|0x0000000701600000, 0x0000000701600000, 0x0000000701800000|  0%| F|  |TAMS 0x0000000701600000, 0x0000000701600000| Untracked 
|   4|0x0000000701800000, 0x0000000701800000, 0x0000000701a00000|  0%| F|  |TAMS 0x0000000701800000, 0x0000000701800000| Untracked 
|   5|0x0000000701a00000, 0x0000000701a00000, 0x0000000701c00000|  0%| F|  |TAMS 0x0000000701a00000, 0x0000000701a00000| Untracked 
|   6|0x0000000701c00000, 0x0000000701c00000, 0x0000000701e00000|  0%| F|  |TAMS 0x0000000701c00000, 0x0000000701c00000| Untracked 
|   7|0x0000000701e00000, 0x0000000701e00000, 0x0000000702000000|  0%| F|  |TAMS 0x0000000701e00000, 0x0000000701e00000| Untracked 
|   8|0x0000000702000000, 0x0000000702000000, 0x0000000702200000|  0%| F|  |TAMS 0x0000000702000000, 0x0000000702000000| Untracked 
|   9|0x0000000702200000, 0x0000000702200000, 0x0000000702400000|  0%| F|  |TAMS 0x0000000702200000, 0x0000000702200000| Untracked 
|  10|0x0000000702400000, 0x0000000702400000, 0x0000000702600000|  0%| F|  |TAMS 0x0000000702400000, 0x0000000702400000| Untracked 
|  11|0x0000000702600000, 0x0000000702600000, 0x0000000702800000|  0%| F|  |TAMS 0x0000000702600000, 0x0000000702600000| Untracked 
|  12|0x0000000702800000, 0x0000000702800000, 0x0000000702a00000|  0%| F|  |TAMS 0x0000000702800000, 0x0000000702800000| Untracked 
|  13|0x0000000702a00000, 0x0000000702a00000, 0x0000000702c00000|  0%| F|  |TAMS 0x0000000702a00000, 0x0000000702a00000| Untracked 
|  14|0x0000000702c00000, 0x0000000702c00000, 0x0000000702e00000|  0%| F|  |TAMS 0x0000000702c00000, 0x0000000702c00000| Untracked 
|  15|0x0000000702e00000, 0x0000000702e00000, 0x0000000703000000|  0%| F|  |TAMS 0x0000000702e00000, 0x0000000702e00000| Untracked 
|  16|0x0000000703000000, 0x0000000703000000, 0x0000000703200000|  0%| F|  |TAMS 0x0000000703000000, 0x0000000703000000| Untracked 
|  17|0x0000000703200000, 0x0000000703200000, 0x0000000703400000|  0%| F|  |TAMS 0x0000000703200000, 0x0000000703200000| Untracked 
|  18|0x0000000703400000, 0x0000000703400000, 0x0000000703600000|  0%| F|  |TAMS 0x0000000703400000, 0x0000000703400000| Untracked 
|  19|0x0000000703600000, 0x0000000703600000, 0x0000000703800000|  0%| F|  |TAMS 0x0000000703600000, 0x0000000703600000| Untracked 
|  20|0x0000000703800000, 0x0000000703800000, 0x0000000703a00000|  0%| F|  |TAMS 0x0000000703800000, 0x0000000703800000| Untracked 
|  21|0x0000000703a00000, 0x0000000703a00000, 0x0000000703c00000|  0%| F|  |TAMS 0x0000000703a00000, 0x0000000703a00000| Untracked 
|  22|0x0000000703c00000, 0x0000000703c00000, 0x0000000703e00000|  0%| F|  |TAMS 0x0000000703c00000, 0x0000000703c00000| Untracked 
|  23|0x0000000703e00000, 0x0000000703e00000, 0x0000000704000000|  0%| F|  |TAMS 0x0000000703e00000, 0x0000000703e00000| Untracked 
|  24|0x0000000704000000, 0x0000000704000000, 0x0000000704200000|  0%| F|  |TAMS 0x0000000704000000, 0x0000000704000000| Untracked 
|  25|0x0000000704200000, 0x0000000704200000, 0x0000000704400000|  0%| F|  |TAMS 0x0000000704200000, 0x0000000704200000| Untracked 
|  26|0x0000000704400000, 0x0000000704400000, 0x0000000704600000|  0%| F|  |TAMS 0x0000000704400000, 0x0000000704400000| Untracked 
|  27|0x0000000704600000, 0x0000000704600000, 0x0000000704800000|  0%| F|  |TAMS 0x0000000704600000, 0x0000000704600000| Untracked 
|  28|0x0000000704800000, 0x0000000704800000, 0x0000000704a00000|  0%| F|  |TAMS 0x0000000704800000, 0x0000000704800000| Untracked 
|  29|0x0000000704a00000, 0x0000000704a00000, 0x0000000704c00000|  0%| F|  |TAMS 0x0000000704a00000, 0x0000000704a00000| Untracked 
|  30|0x0000000704c00000, 0x0000000704c00000, 0x0000000704e00000|  0%| F|  |TAMS 0x0000000704c00000, 0x0000000704c00000| Untracked 
|  31|0x0000000704e00000, 0x0000000704e00000, 0x0000000705000000|  0%| F|  |TAMS 0x0000000704e00000, 0x0000000704e00000| Untracked 
|  32|0x0000000705000000, 0x0000000705000000, 0x0000000705200000|  0%| F|  |TAMS 0x0000000705000000, 0x0000000705000000| Untracked 
|  33|0x0000000705200000, 0x0000000705200000, 0x0000000705400000|  0%| F|  |TAMS 0x0000000705200000, 0x0000000705200000| Untracked 
|  34|0x0000000705400000, 0x0000000705400000, 0x0000000705600000|  0%| F|  |TAMS 0x0000000705400000, 0x0000000705400000| Untracked 
|  35|0x0000000705600000, 0x0000000705600000, 0x0000000705800000|  0%| F|  |TAMS 0x0000000705600000, 0x0000000705600000| Untracked 
|  36|0x0000000705800000, 0x0000000705800000, 0x0000000705a00000|  0%| F|  |TAMS 0x0000000705800000, 0x0000000705800000| Untracked 
|  37|0x0000000705a00000, 0x0000000705a00000, 0x0000000705c00000|  0%| F|  |TAMS 0x0000000705a00000, 0x0000000705a00000| Untracked 
|  38|0x0000000705c00000, 0x0000000705c00000, 0x0000000705e00000|  0%| F|  |TAMS 0x0000000705c00000, 0x0000000705c00000| Untracked 
|  39|0x0000000705e00000, 0x0000000705e00000, 0x0000000706000000|  0%| F|  |TAMS 0x0000000705e00000, 0x0000000705e00000| Untracked 
|  40|0x0000000706000000, 0x0000000706000000, 0x0000000706200000|  0%| F|  |TAMS 0x0000000706000000, 0x0000000706000000| Untracked 
|  41|0x0000000706200000, 0x0000000706200000, 0x0000000706400000|  0%| F|  |TAMS 0x0000000706200000, 0x0000000706200000| Untracked 
|  42|0x0000000706400000, 0x0000000706400000, 0x0000000706600000|  0%| F|  |TAMS 0x0000000706400000, 0x0000000706400000| Untracked 
|  43|0x0000000706600000, 0x0000000706600000, 0x0000000706800000|  0%| F|  |TAMS 0x0000000706600000, 0x0000000706600000| Untracked 
|  44|0x0000000706800000, 0x0000000706800000, 0x0000000706a00000|  0%| F|  |TAMS 0x0000000706800000, 0x0000000706800000| Untracked 
|  45|0x0000000706a00000, 0x0000000706a00000, 0x0000000706c00000|  0%| F|  |TAMS 0x0000000706a00000, 0x0000000706a00000| Untracked 
|  46|0x0000000706c00000, 0x0000000706c00000, 0x0000000706e00000|  0%| F|  |TAMS 0x0000000706c00000, 0x0000000706c00000| Untracked 
|  47|0x0000000706e00000, 0x0000000706e00000, 0x0000000707000000|  0%| F|  |TAMS 0x0000000706e00000, 0x0000000706e00000| Untracked 
|  48|0x0000000707000000, 0x0000000707000000, 0x0000000707200000|  0%| F|  |TAMS 0x0000000707000000, 0x0000000707000000| Untracked 
|  49|0x0000000707200000, 0x0000000707200000, 0x0000000707400000|  0%| F|  |TAMS 0x0000000707200000, 0x0000000707200000| Untracked 
|  50|0x0000000707400000, 0x0000000707400000, 0x0000000707600000|  0%| F|  |TAMS 0x0000000707400000, 0x0000000707400000| Untracked 
|  51|0x0000000707600000, 0x0000000707600000, 0x0000000707800000|  0%| F|  |TAMS 0x0000000707600000, 0x0000000707600000| Untracked 
|  52|0x0000000707800000, 0x0000000707800000, 0x0000000707a00000|  0%| F|  |TAMS 0x0000000707800000, 0x0000000707800000| Untracked 
|  53|0x0000000707a00000, 0x0000000707a00000, 0x0000000707c00000|  0%| F|  |TAMS 0x0000000707a00000, 0x0000000707a00000| Untracked 
|  54|0x0000000707c00000, 0x0000000707c00000, 0x0000000707e00000|  0%| F|  |TAMS 0x0000000707c00000, 0x0000000707c00000| Untracked 
|  55|0x0000000707e00000, 0x0000000707e00000, 0x0000000708000000|  0%| F|  |TAMS 0x0000000707e00000, 0x0000000707e00000| Untracked 
|  56|0x0000000708000000, 0x0000000708000000, 0x0000000708200000|  0%| F|  |TAMS 0x0000000708000000, 0x0000000708000000| Untracked 
|  57|0x0000000708200000, 0x0000000708200000, 0x0000000708400000|  0%| F|  |TAMS 0x0000000708200000, 0x0000000708200000| Untracked 
|  58|0x0000000708400000, 0x0000000708400000, 0x0000000708600000|  0%| F|  |TAMS 0x0000000708400000, 0x0000000708400000| Untracked 
|  59|0x0000000708600000, 0x0000000708600000, 0x0000000708800000|  0%| F|  |TAMS 0x0000000708600000, 0x0000000708600000| Untracked 
|  60|0x0000000708800000, 0x0000000708800000, 0x0000000708a00000|  0%| F|  |TAMS 0x0000000708800000, 0x0000000708800000| Untracked 
|  61|0x0000000708a00000, 0x0000000708a00000, 0x0000000708c00000|  0%| F|  |TAMS 0x0000000708a00000, 0x0000000708a00000| Untracked 
|  62|0x0000000708c00000, 0x0000000708c00000, 0x0000000708e00000|  0%| F|  |TAMS 0x0000000708c00000, 0x0000000708c00000| Untracked 
|  63|0x0000000708e00000, 0x0000000708e00000, 0x0000000709000000|  0%| F|  |TAMS 0x0000000708e00000, 0x0000000708e00000| Untracked 
|  64|0x0000000709000000, 0x0000000709000000, 0x0000000709200000|  0%| F|  |TAMS 0x0000000709000000, 0x0000000709000000| Untracked 
|  65|0x0000000709200000, 0x0000000709200000, 0x0000000709400000|  0%| F|  |TAMS 0x0000000709200000, 0x0000000709200000| Untracked 
|  66|0x0000000709400000, 0x0000000709400000, 0x0000000709600000|  0%| F|  |TAMS 0x0000000709400000, 0x0000000709400000| Untracked 
|  67|0x0000000709600000, 0x0000000709600000, 0x0000000709800000|  0%| F|  |TAMS 0x0000000709600000, 0x0000000709600000| Untracked 
|  68|0x0000000709800000, 0x0000000709800000, 0x0000000709a00000|  0%| F|  |TAMS 0x0000000709800000, 0x0000000709800000| Untracked 
|  69|0x0000000709a00000, 0x0000000709a00000, 0x0000000709c00000|  0%| F|  |TAMS 0x0000000709a00000, 0x0000000709a00000| Untracked 
|  70|0x0000000709c00000, 0x0000000709c00000, 0x0000000709e00000|  0%| F|  |TAMS 0x0000000709c00000, 0x0000000709c00000| Untracked 
|  71|0x0000000709e00000, 0x0000000709e00000, 0x000000070a000000|  0%| F|  |TAMS 0x0000000709e00000, 0x0000000709e00000| Untracked 
|  72|0x000000070a000000, 0x000000070a000000, 0x000000070a200000|  0%| F|  |TAMS 0x000000070a000000, 0x000000070a000000| Untracked 
|  73|0x000000070a200000, 0x000000070a200000, 0x000000070a400000|  0%| F|  |TAMS 0x000000070a200000, 0x000000070a200000| Untracked 
|  74|0x000000070a400000, 0x000000070a400000, 0x000000070a600000|  0%| F|  |TAMS 0x000000070a400000, 0x000000070a400000| Untracked 
|  75|0x000000070a600000, 0x000000070a600000, 0x000000070a800000|  0%| F|  |TAMS 0x000000070a600000, 0x000000070a600000| Untracked 
|  76|0x000000070a800000, 0x000000070a800000, 0x000000070aa00000|  0%| F|  |TAMS 0x000000070a800000, 0x000000070a800000| Untracked 
|  77|0x000000070aa00000, 0x000000070aa00000, 0x000000070ac00000|  0%| F|  |TAMS 0x000000070aa00000, 0x000000070aa00000| Untracked 
|  78|0x000000070ac00000, 0x000000070ac00000, 0x000000070ae00000|  0%| F|  |TAMS 0x000000070ac00000, 0x000000070ac00000| Untracked 
|  79|0x000000070ae00000, 0x000000070ae00000, 0x000000070b000000|  0%| F|  |TAMS 0x000000070ae00000, 0x000000070ae00000| Untracked 
|  80|0x000000070b000000, 0x000000070b000000, 0x000000070b200000|  0%| F|  |TAMS 0x000000070b000000, 0x000000070b000000| Untracked 
|  81|0x000000070b200000, 0x000000070b200000, 0x000000070b400000|  0%| F|  |TAMS 0x000000070b200000, 0x000000070b200000| Untracked 
|  82|0x000000070b400000, 0x000000070b400000, 0x000000070b600000|  0%| F|  |TAMS 0x000000070b400000, 0x000000070b400000| Untracked 
|  83|0x000000070b600000, 0x000000070b600000, 0x000000070b800000|  0%| F|  |TAMS 0x000000070b600000, 0x000000070b600000| Untracked 
|  84|0x000000070b800000, 0x000000070b800000, 0x000000070ba00000|  0%| F|  |TAMS 0x000000070b800000, 0x000000070b800000| Untracked 
|  85|0x000000070ba00000, 0x000000070ba00000, 0x000000070bc00000|  0%| F|  |TAMS 0x000000070ba00000, 0x000000070ba00000| Untracked 
|  86|0x000000070bc00000, 0x000000070bc00000, 0x000000070be00000|  0%| F|  |TAMS 0x000000070bc00000, 0x000000070bc00000| Untracked 
|  87|0x000000070be00000, 0x000000070be00000, 0x000000070c000000|  0%| F|  |TAMS 0x000000070be00000, 0x000000070be00000| Untracked 
|  88|0x000000070c000000, 0x000000070c000000, 0x000000070c200000|  0%| F|  |TAMS 0x000000070c000000, 0x000000070c000000| Untracked 
|  89|0x000000070c200000, 0x000000070c200000, 0x000000070c400000|  0%| F|  |TAMS 0x000000070c200000, 0x000000070c200000| Untracked 
|  90|0x000000070c400000, 0x000000070c400000, 0x000000070c600000|  0%| F|  |TAMS 0x000000070c400000, 0x000000070c400000| Untracked 
|  91|0x000000070c600000, 0x000000070c600000, 0x000000070c800000|  0%| F|  |TAMS 0x000000070c600000, 0x000000070c600000| Untracked 
|  92|0x000000070c800000, 0x000000070c800000, 0x000000070ca00000|  0%| F|  |TAMS 0x000000070c800000, 0x000000070c800000| Untracked 
|  93|0x000000070ca00000, 0x000000070ca00000, 0x000000070cc00000|  0%| F|  |TAMS 0x000000070ca00000, 0x000000070ca00000| Untracked 
|  94|0x000000070cc00000, 0x000000070cc00000, 0x000000070ce00000|  0%| F|  |TAMS 0x000000070cc00000, 0x000000070cc00000| Untracked 
|  95|0x000000070ce00000, 0x000000070ce00000, 0x000000070d000000|  0%| F|  |TAMS 0x000000070ce00000, 0x000000070ce00000| Untracked 
|  96|0x000000070d000000, 0x000000070d000000, 0x000000070d200000|  0%| F|  |TAMS 0x000000070d000000, 0x000000070d000000| Untracked 
|  97|0x000000070d200000, 0x000000070d200000, 0x000000070d400000|  0%| F|  |TAMS 0x000000070d200000, 0x000000070d200000| Untracked 
|  98|0x000000070d400000, 0x000000070d400000, 0x000000070d600000|  0%| F|  |TAMS 0x000000070d400000, 0x000000070d400000| Untracked 
|  99|0x000000070d600000, 0x000000070d600000, 0x000000070d800000|  0%| F|  |TAMS 0x000000070d600000, 0x000000070d600000| Untracked 
| 100|0x000000070d800000, 0x000000070d800000, 0x000000070da00000|  0%| F|  |TAMS 0x000000070d800000, 0x000000070d800000| Untracked 
| 101|0x000000070da00000, 0x000000070da00000, 0x000000070dc00000|  0%| F|  |TAMS 0x000000070da00000, 0x000000070da00000| Untracked 
| 102|0x000000070dc00000, 0x000000070dc00000, 0x000000070de00000|  0%| F|  |TAMS 0x000000070dc00000, 0x000000070dc00000| Untracked 
| 103|0x000000070de00000, 0x000000070de00000, 0x000000070e000000|  0%| F|  |TAMS 0x000000070de00000, 0x000000070de00000| Untracked 
| 104|0x000000070e000000, 0x000000070e000000, 0x000000070e200000|  0%| F|  |TAMS 0x000000070e000000, 0x000000070e000000| Untracked 
| 105|0x000000070e200000, 0x000000070e200000, 0x000000070e400000|  0%| F|  |TAMS 0x000000070e200000, 0x000000070e200000| Untracked 
| 106|0x000000070e400000, 0x000000070e400000, 0x000000070e600000|  0%| F|  |TAMS 0x000000070e400000, 0x000000070e400000| Untracked 
| 107|0x000000070e600000, 0x000000070e600000, 0x000000070e800000|  0%| F|  |TAMS 0x000000070e600000, 0x000000070e600000| Untracked 
| 108|0x000000070e800000, 0x000000070e800000, 0x000000070ea00000|  0%| F|  |TAMS 0x000000070e800000, 0x000000070e800000| Untracked 
| 109|0x000000070ea00000, 0x000000070ea00000, 0x000000070ec00000|  0%| F|  |TAMS 0x000000070ea00000, 0x000000070ea00000| Untracked 
| 110|0x000000070ec00000, 0x000000070ec00000, 0x000000070ee00000|  0%| F|  |TAMS 0x000000070ec00000, 0x000000070ec00000| Untracked 
| 111|0x000000070ee00000, 0x000000070ee00000, 0x000000070f000000|  0%| F|  |TAMS 0x000000070ee00000, 0x000000070ee00000| Untracked 
| 112|0x000000070f000000, 0x000000070f000000, 0x000000070f200000|  0%| F|  |TAMS 0x000000070f000000, 0x000000070f000000| Untracked 
| 113|0x000000070f200000, 0x000000070f200000, 0x000000070f400000|  0%| F|  |TAMS 0x000000070f200000, 0x000000070f200000| Untracked 
| 114|0x000000070f400000, 0x000000070f400000, 0x000000070f600000|  0%| F|  |TAMS 0x000000070f400000, 0x000000070f400000| Untracked 
| 115|0x000000070f600000, 0x000000070f600000, 0x000000070f800000|  0%| F|  |TAMS 0x000000070f600000, 0x000000070f600000| Untracked 
| 116|0x000000070f800000, 0x000000070f800000, 0x000000070fa00000|  0%| F|  |TAMS 0x000000070f800000, 0x000000070f800000| Untracked 
| 117|0x000000070fa00000, 0x000000070fa00000, 0x000000070fc00000|  0%| F|  |TAMS 0x000000070fa00000, 0x000000070fa00000| Untracked 
| 118|0x000000070fc00000, 0x000000070fc00000, 0x000000070fe00000|  0%| F|  |TAMS 0x000000070fc00000, 0x000000070fc00000| Untracked 
| 119|0x000000070fe00000, 0x000000070fe00000, 0x0000000710000000|  0%| F|  |TAMS 0x000000070fe00000, 0x000000070fe00000| Untracked 
| 120|0x0000000710000000, 0x0000000710000000, 0x0000000710200000|  0%| F|  |TAMS 0x0000000710000000, 0x0000000710000000| Untracked 
| 121|0x0000000710200000, 0x0000000710200000, 0x0000000710400000|  0%| F|  |TAMS 0x0000000710200000, 0x0000000710200000| Untracked 
| 122|0x0000000710400000, 0x0000000710400000, 0x0000000710600000|  0%| F|  |TAMS 0x0000000710400000, 0x0000000710400000| Untracked 
| 123|0x0000000710600000, 0x0000000710600000, 0x0000000710800000|  0%| F|  |TAMS 0x0000000710600000, 0x0000000710600000| Untracked 
| 124|0x0000000710800000, 0x0000000710800000, 0x0000000710a00000|  0%| F|  |TAMS 0x0000000710800000, 0x0000000710800000| Untracked 
| 125|0x0000000710a00000, 0x0000000710bfccb8, 0x0000000710c00000| 99%| E|  |TAMS 0x0000000710a00000, 0x0000000710a00000| Complete 
| 126|0x0000000710c00000, 0x0000000710e00000, 0x0000000710e00000|100%| E|CS|TAMS 0x0000000710c00000, 0x0000000710c00000| Complete 
| 127|0x0000000710e00000, 0x0000000711000000, 0x0000000711000000|100%| E|CS|TAMS 0x0000000710e00000, 0x0000000710e00000| Complete 

Card table byte_map: [0x0000019627830000,0x0000019628030000] _byte_map_base: 0x0000019624028000

Marking Bits (Prev, Next): (CMBitMap*) 0x0000019614480a00, (CMBitMap*) 0x0000019614480a40
 Prev Bits: [0x0000019628830000, 0x000001962c7f0000)
 Next Bits: [0x000001962c7f0000, 0x00000196307b0000)

Polling page: 0x0000019613bf0000

Metaspace:

Usage:
  Non-class:      8.75 MB used.
      Class:    869.85 KB used.
       Both:      9.60 MB used.

Virtual space:
  Non-class space:       16.00 MB reserved,       8.81 MB ( 55%) committed,  2 nodes.
      Class space:        1.00 GB reserved,     960.00 KB ( <1%) committed,  1 nodes.
             Both:        1.02 GB reserved,       9.75 MB ( <1%) committed. 

Chunk freelists:
   Non-Class:  2.75 MB
       Class:  2.97 MB
        Both:  5.72 MB

MaxMetaspaceSize: unlimited
CompressedClassSpaceSize: 1.00 GB
Initial GC threshold: 21.00 MB
Current GC threshold: 21.00 MB
CDS: off
MetaspaceReclaimPolicy: balanced
 - commit_granule_bytes: 65536.
 - commit_granule_words: 8192.
 - virtual_space_node_default_size: 1048576.
 - enlarge_chunks_in_place: 1.
 - new_chunks_are_fully_committed: 0.
 - uncommit_free_chunks: 1.
 - use_allocation_guard: 0.
 - handle_deallocations: 1.


Internal statistics:

num_allocs_failed_limit: 0.
num_arena_births: 12.
num_arena_deaths: 0.
num_vsnodes_births: 3.
num_vsnodes_deaths: 0.
num_space_committed: 156.
num_space_uncommitted: 0.
num_chunks_returned_to_freelist: 0.
num_chunks_taken_from_freelist: 48.
num_chunk_merges: 0.
num_chunk_splits: 23.
num_chunks_enlarged: 17.
num_purges: 0.
num_inconsistent_stats: 0.

CodeHeap 'non-profiled nmethods': size=120000Kb used=128Kb max_used=128Kb free=119871Kb
 bounds [0x000001961f5b0000, 0x000001961f820000, 0x0000019626ae0000]
CodeHeap 'profiled nmethods': size=120000Kb used=665Kb max_used=665Kb free=119334Kb
 bounds [0x0000019618080000, 0x00000196182f0000, 0x000001961f5b0000]
CodeHeap 'non-nmethods': size=5760Kb used=1207Kb max_used=1223Kb free=4552Kb
 bounds [0x0000019617ae0000, 0x0000019617d50000, 0x0000019618080000]
 total_blobs=841 nmethods=417 adapters=337
 compilation: enabled
              stopped_count=0, restarted_count=0
 full_count=0

Compilation events (20 events):
Event: 0.338 Thread 0x00000196340707b0  376       4       java.lang.invoke.VarHandleByteArrayAsInts$ArrayHandle::get (36 bytes)
Event: 0.339 Thread 0x00000196340707b0 nmethod 376 0x000001961f5cfd10 code [0x000001961f5cfea0, 0x000001961f5cffd8]
Event: 621.920 Thread 0x00000196340cdc00  410       3       java.lang.String::<init> (14 bytes)
Event: 621.920 Thread 0x00000196340cdc00 nmethod 410 0x0000019618124010 code [0x00000196181241c0, 0x00000196181243d8]
Event: 621.920 Thread 0x00000196340cdc00  413       3       java.lang.StringUTF16::compress (20 bytes)
Event: 621.921 Thread 0x00000196340cdc00 nmethod 413 0x0000019618124510 code [0x00000196181246c0, 0x0000019618124908]
Event: 621.921 Thread 0x00000196340cdc00  411       3       java.lang.String::rangeCheck (9 bytes)
Event: 621.921 Thread 0x00000196340cdc00 nmethod 411 0x0000019618124a10 code [0x0000019618124bc0, 0x0000019618124d08]
Event: 621.921 Thread 0x00000196340cdc00  412       3       org.eclipse.jdt.launching.internal.org.objectweb.asm.ClassReader::getItem (7 bytes)
Event: 621.921 Thread 0x00000196340cdc00 nmethod 412 0x0000019618124e10 code [0x0000019618124fa0, 0x00000196181250d8]
Event: 648.738 Thread 0x00000196340cdc00  414       3       org.eclipse.jdt.launching.internal.org.objectweb.asm.Symbol::<init> (38 bytes)
Event: 648.738 Thread 0x00000196340cdc00 nmethod 414 0x0000019618125190 code [0x0000019618125340, 0x00000196181255f8]
Event: 648.738 Thread 0x00000196340cdc00  416       3       org.eclipse.jdt.launching.internal.org.objectweb.asm.ClassReader::readUtf (161 bytes)
Event: 648.741 Thread 0x00000196340cdc00 

Event: 648.741 Thread 0x00000196340cdc00  417       3       org.eclipse.jdt.launching.internal.org.objectweb.asm.ClassReader::readUTF8 (23 bytes)
Event: 648.741 Thread 0x00000196340cdc00 nmethod 417 0x0000019618125710 code [0x00000196181258c0, 0x0000019618125b18]
Event: 648.741 Thread 0x00000196340cdc00  418       3       org.eclipse.jdt.launching.internal.org.objectweb.asm.SymbolTable::hash (10 bytes)
Event: 648.741 Thread 0x00000196340cdc00 nmethod 418 0x0000019618125c10 code [0x0000019618125da0, 0x0000019618125ee8]
Event: 648.741 Thread 0x00000196340cdc00  415       3       org.eclipse.jdt.launching.internal.org.objectweb.asm.SymbolTable::add (39 bytes)
Event: 648.741 Thread 0x00000196340cdc00 nmethod 415 0x0000019618126010 code [0x00000196181261c0, 0x0000019618126538]

GC Heap History (0 events):
No events

Deoptimization events (20 events):
Event: 0.313 Thread 0x00000196144157e0 DEOPT PACKING pc=0x00000196181085fc sp=0x00000067c1af8b00
Event: 0.313 Thread 0x00000196144157e0 DEOPT UNPACKING pc=0x0000019617b32b43 sp=0x00000067c1af7f68 mode 0
Event: 0.314 Thread 0x00000196144157e0 DEOPT PACKING pc=0x00000196181085fc sp=0x00000067c1af8b00
Event: 0.314 Thread 0x00000196144157e0 DEOPT UNPACKING pc=0x0000019617b32b43 sp=0x00000067c1af7f68 mode 0
Event: 0.315 Thread 0x00000196144157e0 DEOPT PACKING pc=0x00000196181085fc sp=0x00000067c1af8b00
Event: 0.315 Thread 0x00000196144157e0 DEOPT UNPACKING pc=0x0000019617b32b43 sp=0x00000067c1af7f68 mode 0
Event: 0.316 Thread 0x00000196144157e0 DEOPT PACKING pc=0x00000196181085fc sp=0x00000067c1afc550
Event: 0.316 Thread 0x00000196144157e0 DEOPT UNPACKING pc=0x0000019617b32b43 sp=0x00000067c1afb9b8 mode 0
Event: 0.316 Thread 0x00000196144157e0 DEOPT PACKING pc=0x00000196181085fc sp=0x00000067c1afc550
Event: 0.316 Thread 0x00000196144157e0 DEOPT UNPACKING pc=0x0000019617b32b43 sp=0x00000067c1afb9b8 mode 0
Event: 0.318 Thread 0x00000196144157e0 DEOPT PACKING pc=0x00000196181085fc sp=0x00000067c1afc480
Event: 0.318 Thread 0x00000196144157e0 DEOPT UNPACKING pc=0x0000019617b32b43 sp=0x00000067c1afb8e8 mode 0
Event: 0.322 Thread 0x00000196144157e0 DEOPT PACKING pc=0x00000196181086d4 sp=0x00000067c1af86f0
Event: 0.322 Thread 0x00000196144157e0 DEOPT UNPACKING pc=0x0000019617b32b43 sp=0x00000067c1af7b58 mode 0
Event: 0.322 Thread 0x00000196144157e0 DEOPT PACKING pc=0x00000196181086d4 sp=0x00000067c1af86f0
Event: 0.322 Thread 0x00000196144157e0 DEOPT UNPACKING pc=0x0000019617b32b43 sp=0x00000067c1af7b58 mode 0
Event: 0.322 Thread 0x00000196144157e0 DEOPT PACKING pc=0x00000196181086d4 sp=0x00000067c1af86f0
Event: 0.322 Thread 0x00000196144157e0 DEOPT UNPACKING pc=0x0000019617b32b43 sp=0x00000067c1af7b58 mode 0
Event: 0.322 Thread 0x00000196144157e0 DEOPT PACKING pc=0x00000196181085fc sp=0x00000067c1af86f0
Event: 0.322 Thread 0x00000196144157e0 DEOPT UNPACKING pc=0x0000019617b32b43 sp=0x00000067c1af7b58 mode 0

Classes unloaded (0 events):
No events

Classes redefined (2 events):
Event: 621.922 Thread 0x0000019633432740 redefined class name=stack.arrayBasedStack, count=1
Event: 648.739 Thread 0x0000019633432740 redefined class name=stack.arrayBasedStack, count=2

Internal exceptions (1 events):
Event: 0.098 Thread 0x00000196144157e0 Exception <a 'java/lang/NoSuchMethodError'{0x0000000710fca030}: 'void java.lang.invoke.DirectMethodHandle$Holder.invokeVirtual(java.lang.Object, java.lang.Object)'> (0x0000000710fca030) 
thrown [s\src\hotspot\share\interpreter\linkResolver.cpp, line 759]

VM Operations (20 events):
Event: 621.935 Executing VM operation: ChangeSingleStep
Event: 621.935 Executing VM operation: ChangeSingleStep done
Event: 621.936 Executing VM operation: ChangeSingleStep
Event: 621.936 Executing VM operation: ChangeSingleStep done
Event: 621.982 Executing VM operation: get/set locals
Event: 621.982 Executing VM operation: get/set locals done
Event: 648.736 Executing VM operation: ChangeSingleStep
Event: 648.736 Executing VM operation: ChangeSingleStep done
Event: 648.736 Executing VM operation: ChangeSingleStep
Event: 648.736 Executing VM operation: ChangeSingleStep done
Event: 648.738 Executing VM operation: RedefineClasses
Event: 648.741 Executing VM operation: RedefineClasses done
Event: 648.745 Executing VM operation: ChangeBreakpoints
Event: 648.745 Executing VM operation: ChangeBreakpoints done
Event: 648.747 Executing VM operation: ChangeBreakpoints
Event: 648.747 Executing VM operation: ChangeBreakpoints done
Event: 648.748 Executing VM operation: ChangeSingleStep
Event: 648.748 Executing VM operation: ChangeSingleStep done
Event: 648.749 Executing VM operation: ChangeSingleStep
Event: 648.749 Executing VM operation: ChangeSingleStep done

Events (20 events):
Event: 0.311 loading class jdk/internal/reflect/Label$PatchInfo
Event: 0.311 loading class jdk/internal/reflect/Label$PatchInfo done
Event: 0.312 loading class jdk/internal/reflect/MethodAccessorGenerator$1
Event: 0.312 loading class jdk/internal/reflect/MethodAccessorGenerator$1 done
Event: 0.312 loading class jdk/internal/reflect/ClassDefiner
Event: 0.312 loading class jdk/internal/reflect/ClassDefiner done
Event: 0.312 loading class jdk/internal/reflect/ClassDefiner$1
Event: 0.312 loading class jdk/internal/reflect/ClassDefiner$1 done
Event: 0.312 loading class jdk/internal/reflect/BootstrapConstructorAccessorImpl
Event: 0.312 loading class jdk/internal/reflect/BootstrapConstructorAccessorImpl done
Event: 0.314 loading class java/lang/TypeNotPresentException
Event: 0.314 loading class java/lang/TypeNotPresentException done
Event: 0.323 loading class java/lang/IllegalStateException
Event: 0.323 loading class java/lang/IllegalStateException done
Event: 0.324 loading class java/lang/WeakPairMap$Pair$Weak
Event: 0.324 loading class java/lang/WeakPairMap$WeakRefPeer
Event: 0.324 loading class java/lang/WeakPairMap$WeakRefPeer done
Event: 0.324 loading class java/lang/WeakPairMap$Pair$Weak done
Event: 0.324 loading class java/lang/WeakPairMap$Pair$Weak$1
Event: 0.324 loading class java/lang/WeakPairMap$Pair$Weak$1 done


Dynamic libraries:
0x00007ff7c8090000 - 0x00007ff7c809e000 	C:\Users\dufqn\.p2\pool\plugins\org.eclipse.justj.openjdk.hotspot.jre.full.win32.x86_64_17.0.4.v20221004-1257\jre\bin\javaw.exe
0x00007ff8a3810000 - 0x00007ff8a3a08000 	C:\WINDOWS\SYSTEM32\ntdll.dll
0x00007ff873530000 - 0x00007ff873549000 	C:\Program Files\AVAST Software\Avast\aswhook.dll
0x00007ff8a3320000 - 0x00007ff8a33df000 	C:\WINDOWS\System32\KERNEL32.DLL
0x00007ff8a13b0000 - 0x00007ff8a16a6000 	C:\WINDOWS\System32\KERNELBASE.dll
0x00007ff8a1150000 - 0x00007ff8a1250000 	C:\WINDOWS\System32\ucrtbase.dll
0x00007ff89d840000 - 0x00007ff89d858000 	C:\Users\dufqn\.p2\pool\plugins\org.eclipse.justj.openjdk.hotspot.jre.full.win32.x86_64_17.0.4.v20221004-1257\jre\bin\jli.dll
0x00007ff89b6f0000 - 0x00007ff89b709000 	C:\Users\dufqn\.p2\pool\plugins\org.eclipse.justj.openjdk.hotspot.jre.full.win32.x86_64_17.0.4.v20221004-1257\jre\bin\VCRUNTIME140.dll
0x00007ff8a2c50000 - 0x00007ff8a2ded000 	C:\WINDOWS\System32\USER32.dll
0x00007ff8a1080000 - 0x00007ff8a10a2000 	C:\WINDOWS\System32\win32u.dll
0x00007ff88aa80000 - 0x00007ff88ad1a000 	C:\WINDOWS\WinSxS\amd64_microsoft.windows.common-controls_6595b64144ccf1df_6.0.19041.1110_none_60b5254171f9507e\COMCTL32.dll
0x00007ff8a3740000 - 0x00007ff8a376c000 	C:\WINDOWS\System32\GDI32.dll
0x00007ff8a2460000 - 0x00007ff8a24fe000 	C:\WINDOWS\System32\msvcrt.dll
0x00007ff8a0ef0000 - 0x00007ff8a1005000 	C:\WINDOWS\System32\gdi32full.dll
0x00007ff8a10b0000 - 0x00007ff8a114d000 	C:\WINDOWS\System32\msvcp_win.dll
0x00007ff8a3080000 - 0x00007ff8a30b0000 	C:\WINDOWS\System32\IMM32.DLL
0x00007ff89bbd0000 - 0x00007ff89bbdc000 	C:\Users\dufqn\.p2\pool\plugins\org.eclipse.justj.openjdk.hotspot.jre.full.win32.x86_64_17.0.4.v20221004-1257\jre\bin\vcruntime140_1.dll
0x00007ff8821e0000 - 0x00007ff882271000 	C:\Users\dufqn\.p2\pool\plugins\org.eclipse.justj.openjdk.hotspot.jre.full.win32.x86_64_17.0.4.v20221004-1257\jre\bin\msvcp140.dll
0x00007ff83cc60000 - 0x00007ff83d8a6000 	C:\Users\dufqn\.p2\pool\plugins\org.eclipse.justj.openjdk.hotspot.jre.full.win32.x86_64_17.0.4.v20221004-1257\jre\bin\server\jvm.dll
0x00007ff8a31d0000 - 0x00007ff8a327f000 	C:\WINDOWS\System32\ADVAPI32.dll
0x00007ff8a2e00000 - 0x00007ff8a2e9c000 	C:\WINDOWS\System32\sechost.dll
0x00007ff8a2330000 - 0x00007ff8a2456000 	C:\WINDOWS\System32\RPCRT4.dll
0x00007ff8a3310000 - 0x00007ff8a3318000 	C:\WINDOWS\System32\PSAPI.DLL
0x00007ff889280000 - 0x00007ff889289000 	C:\WINDOWS\SYSTEM32\WSOCK32.dll
0x00007ff897d50000 - 0x00007ff897d77000 	C:\WINDOWS\SYSTEM32\WINMM.dll
0x00007ff899be0000 - 0x00007ff899bea000 	C:\WINDOWS\SYSTEM32\VERSION.dll
0x00007ff8a2f20000 - 0x00007ff8a2f8b000 	C:\WINDOWS\System32\WS2_32.dll
0x00007ff89f730000 - 0x00007ff89f742000 	C:\WINDOWS\SYSTEM32\kernel.appcore.dll
0x00007ff89b790000 - 0x00007ff89b79a000 	C:\Users\dufqn\.p2\pool\plugins\org.eclipse.justj.openjdk.hotspot.jre.full.win32.x86_64_17.0.4.v20221004-1257\jre\bin\jimage.dll
0x00007ff89ed40000 - 0x00007ff89ef24000 	C:\WINDOWS\SYSTEM32\DBGHELP.DLL
0x00007ff897cb0000 - 0x00007ff897ce4000 	C:\WINDOWS\SYSTEM32\dbgcore.DLL
0x00007ff8a16e0000 - 0x00007ff8a1762000 	C:\WINDOWS\System32\bcryptPrimitives.dll
0x00007ff899260000 - 0x00007ff89929b000 	C:\Users\dufqn\.p2\pool\plugins\org.eclipse.justj.openjdk.hotspot.jre.full.win32.x86_64_17.0.4.v20221004-1257\jre\bin\jdwp.dll
0x00007ff89b940000 - 0x00007ff89b94e000 	C:\Users\dufqn\.p2\pool\plugins\org.eclipse.justj.openjdk.hotspot.jre.full.win32.x86_64_17.0.4.v20221004-1257\jre\bin\instrument.dll
0x00007ff8839e0000 - 0x00007ff883a05000 	C:\Users\dufqn\.p2\pool\plugins\org.eclipse.justj.openjdk.hotspot.jre.full.win32.x86_64_17.0.4.v20221004-1257\jre\bin\java.dll
0x00007ff897a30000 - 0x00007ff897a48000 	C:\Users\dufqn\.p2\pool\plugins\org.eclipse.justj.openjdk.hotspot.jre.full.win32.x86_64_17.0.4.v20221004-1257\jre\bin\zip.dll
0x00007ff8a2500000 - 0x00007ff8a2c44000 	C:\WINDOWS\System32\SHELL32.dll
0x00007ff89ef50000 - 0x00007ff89f6e3000 	C:\WINDOWS\SYSTEM32\windows.storage.dll
0x00007ff8a33e0000 - 0x00007ff8a3734000 	C:\WINDOWS\System32\combase.dll
0x00007ff8a0930000 - 0x00007ff8a095e000 	C:\WINDOWS\SYSTEM32\Wldp.dll
0x00007ff8a2280000 - 0x00007ff8a232d000 	C:\WINDOWS\System32\SHCORE.dll
0x00007ff8a1ee0000 - 0x00007ff8a1f35000 	C:\WINDOWS\System32\shlwapi.dll
0x00007ff8a0e20000 - 0x00007ff8a0e45000 	C:\WINDOWS\SYSTEM32\profapi.dll
0x00007ff88fcb0000 - 0x00007ff88fcc9000 	C:\Users\dufqn\.p2\pool\plugins\org.eclipse.justj.openjdk.hotspot.jre.full.win32.x86_64_17.0.4.v20221004-1257\jre\bin\net.dll
0x00007ff89a910000 - 0x00007ff89aa1a000 	C:\WINDOWS\SYSTEM32\WINHTTP.dll
0x00007ff8a0640000 - 0x00007ff8a06aa000 	C:\WINDOWS\system32\mswsock.dll
0x00007ff887d70000 - 0x00007ff887d85000 	C:\Users\dufqn\.p2\pool\plugins\org.eclipse.justj.openjdk.hotspot.jre.full.win32.x86_64_17.0.4.v20221004-1257\jre\bin\nio.dll
0x00007ff89a0a0000 - 0x00007ff89a0ac000 	C:\Users\dufqn\.p2\pool\plugins\org.eclipse.justj.openjdk.hotspot.jre.full.win32.x86_64_17.0.4.v20221004-1257\jre\bin\dt_socket.dll
0x00007ff8a0300000 - 0x00007ff8a033b000 	C:\WINDOWS\SYSTEM32\IPHLPAPI.DLL
0x00007ff8a0350000 - 0x00007ff8a041a000 	C:\WINDOWS\SYSTEM32\DNSAPI.dll
0x00007ff8a3300000 - 0x00007ff8a3308000 	C:\WINDOWS\System32\NSI.dll
0x00007ff8986f0000 - 0x00007ff8986fa000 	C:\Windows\System32\rasadhlp.dll
0x00007ff896310000 - 0x00007ff896392000 	C:\WINDOWS\System32\fwpuclnt.dll
0x00007ff8a16b0000 - 0x00007ff8a16d7000 	C:\WINDOWS\System32\bcrypt.dll
0x00007ff89a090000 - 0x00007ff89a0a0000 	C:\Users\dufqn\.p2\pool\plugins\org.eclipse.justj.openjdk.hotspot.jre.full.win32.x86_64_17.0.4.v20221004-1257\jre\bin\verify.dll

dbghelp: loaded successfully - version: 4.0.5 - missing functions: none
symbol engine: initialized successfully - sym options: 0x614 - pdb path: .;C:\Users\dufqn\.p2\pool\plugins\org.eclipse.justj.openjdk.hotspot.jre.full.win32.x86_64_17.0.4.v20221004-1257\jre\bin;C:\WINDOWS\SYSTEM32;C:\Program Files\AVAST Software\Avast;C:\WINDOWS\WinSxS\amd64_microsoft.windows.common-controls_6595b64144ccf1df_6.0.19041.1110_none_60b5254171f9507e;C:\Users\dufqn\.p2\pool\plugins\org.eclipse.justj.openjdk.hotspot.jre.full.win32.x86_64_17.0.4.v20221004-1257\jre\bin\server

VM Arguments:
jvm_args: -XX:+ShowCodeDetailsInExceptionMessages -agentlib:jdwp=transport=dt_socket,suspend=y,address=localhost:3915 -ea -javaagent:C:\Users\dufqn\eclipse\jee-2022-09\eclipse\configuration\org.eclipse.osgi\421\0\.cp\lib\javaagent-shaded.jar -Dfile.encoding=UTF-8 --module-path=C:\Users\dufqn\eclipse-workspace\stack\bin -Djdk.module.main=stack 
java_command: stack/stack.stackMain
java_class_path (initial): <not set>
Launcher Type: SUN_STANDARD

[Global flags]
     intx CICompilerCount                          = 4                                         {product} {ergonomic}
     uint ConcGCThreads                            = 3                                         {product} {ergonomic}
     uint G1ConcRefinementThreads                  = 10                                        {product} {ergonomic}
   size_t G1HeapRegionSize                         = 2097152                                   {product} {ergonomic}
    uintx GCDrainStackTargetSize                   = 64                                        {product} {ergonomic}
   size_t InitialHeapSize                          = 268435456                                 {product} {ergonomic}
   size_t MarkStackSize                            = 4194304                                   {product} {ergonomic}
   size_t MaxHeapSize                              = 4278190080                                {product} {ergonomic}
   size_t MaxNewSize                               = 2566914048                                {product} {ergonomic}
   size_t MinHeapDeltaBytes                        = 2097152                                   {product} {ergonomic}
   size_t MinHeapSize                              = 8388608                                   {product} {ergonomic}
    uintx NonNMethodCodeHeapSize                   = 5839372                                {pd product} {ergonomic}
    uintx NonProfiledCodeHeapSize                  = 122909434                              {pd product} {ergonomic}
    uintx ProfiledCodeHeapSize                     = 122909434                              {pd product} {ergonomic}
    uintx ReservedCodeCacheSize                    = 251658240                              {pd product} {ergonomic}
     bool SegmentedCodeCache                       = true                                      {product} {ergonomic}
     bool ShowCodeDetailsInExceptionMessages       = true                                   {manageable} {command line}
   size_t SoftMaxHeapSize                          = 4278190080                             {manageable} {ergonomic}
     bool UseCompressedClassPointers               = true                           {product lp64_product} {ergonomic}
     bool UseCompressedOops                        = true                           {product lp64_product} {ergonomic}
     bool UseG1GC                                  = true                                      {product} {ergonomic}
     bool UseLargePagesIndividualAllocation        = false                                  {pd product} {ergonomic}

Logging:
Log output configuration:
 #0: stdout all=warning uptime,level,tags
 #1: stderr all=off uptime,level,tags

Environment Variables:
JAVA_HOME=C:\Program Files\Java\jdk1.8.0_311\bin
PATH=C:\Users\dufqn\.p2\pool\plugins\org.eclipse.justj.openjdk.hotspot.jre.full.win32.x86_64_17.0.4.v20221004-1257\jre\bin;C:/Users/dufqn/.p2/pool/plugins/org.eclipse.justj.openjdk.hotspot.jre.full.win32.x86_64_17.0.4.v20221004-1257/jre/bin/server;C:/Users/dufqn/.p2/pool/plugins/org.eclipse.justj.openjdk.hotspot.jre.full.win32.x86_64_17.0.4.v20221004-1257/jre/bin;C:\Program Files (x86)\Common Files\Oracle\Java\javapath;C:\ProgramData\Anaconda3;C:\ProgramData\Anaconda3\Library\mingw-w64\bin;C:\ProgramData\Anaconda3\Library\usr\bin;C:\ProgramData\Anaconda3\Library\bin;C:\ProgramData\Anaconda3\Scripts;C:\WINDOWS\system32;C:\WINDOWS;C:\WINDOWS\System32\Wbem;C:\WINDOWS\System32\WindowsPowerShell\v1.0\;C:\WINDOWS\System32\OpenSSH\;C:\Program Files\Microsoft VS Code\bin;C:\Program Files\nodejs\;C:\Users\dufqn\AppData\Local\Microsoft\WindowsApps;C:\Program Files\Bandizip\;C:\Users\dufqn\AppData\Local\afreeca;C:\Program Files\Java\jdk1.8.0_311\bin;C:\Users\dufqn\AppData\Roaming\npm;C:\WINDOWS\System32;
USERNAME=dufqn
OS=Windows_NT
PROCESSOR_IDENTIFIER=AMD64 Family 23 Model 113 Stepping 0, AuthenticAMD
TMP=C:\Users\dufqn\AppData\Local\Temp
TEMP=C:\Users\dufqn\AppData\Local\Temp



---------------  S Y S T E M  ---------------

OS:
 Windows 10 , 64 bit Build 19041 (10.0.19041.3155)
OS uptime: 14 days 12:12 hours
Hyper-V role detected

CPU: total 12 (initial active 12) (12 cores per cpu, 2 threads per core) family 23 model 113 stepping 0 microcode 0x0, cx8, cmov, fxsr, ht, mmx, 3dnowpref, sse, sse2, sse3, ssse3, sse4a, sse4.1, sse4.2, popcnt, lzcnt, tsc, tscinvbit, avx, avx2, aes, clmul, bmi1, bmi2, adx, sha, fma, vzeroupper, clflush, clflushopt, hv

Memory: 4k page, system-wide physical 16314M (8336M free)
TotalPageFile size 18884M (AvailPageFile size 6612M)
current process WorkingSet (physical memory assigned to process): 46M, peak: 50M
current process commit charge ("private bytes"): 348M, peak: 352M

vm_info: OpenJDK 64-Bit Server VM (17.0.4.1+1) for windows-amd64 JRE (17.0.4.1+1), built on Aug 17 2022 07:42:43 by "temurin" with MS VC++ 16.7 (VS2019)

END.
