#
# A fatal error has been detected by the Java Runtime Environment:
#
#  EXCEPTION_ACCESS_VIOLATION (0xc0000005) at pc=0x00007ff83db4fa2a, pid=1912, tid=6508
#
# JRE version: OpenJDK Runtime Environment Temurin-17.0.4.1+1 (17.0.4.1+1) (build 17.0.4.1+1)
# Java VM: OpenJDK 64-Bit Server VM Temurin-17.0.4.1+1 (17.0.4.1+1, mixed mode, tiered, compressed oops, compressed class ptrs, g1 gc, windows-amd64)
# Problematic frame:
# V  [jvm.dll+0x79fa2a]
#
# No core dump will be written. Minidumps are not enabled by default on client versions of Windows
#
# If you would like to submit a bug report, please visit:
#   https://github.com/adoptium/adoptium-support/issues
#

---------------  S U M M A R Y ------------

Command Line: -XX:+ShowCodeDetailsInExceptionMessages -agentlib:jdwp=transport=dt_socket,suspend=y,address=localhost:1147 -javaagent:C:\Users\dufqn\eclipse\jee-2022-09\eclipse\configuration\org.eclipse.osgi\421\0\.cp\lib\javaagent-shaded.jar -Dfile.encoding=UTF-8 --module-path=C:\Users\dufqn\eclipse-workspace\stack\bin -Djdk.module.main=stack stack/queue.Main

Host: AMD Ryzen 5 3600 6-Core Processor              , 12 cores, 15G,  Windows 10 , 64 bit Build 19041 (10.0.19041.3155)
Time: Wed Aug 30 12:33:48 2023  Windows 10 , 64 bit Build 19041 (10.0.19041.3155) elapsed time: 149.054081 seconds (0d 0h 2m 29s)

---------------  T H R E A D  ---------------

Current thread (0x000001dd82f60040):  JavaThread "JDWP Transport Listener: dt_socket" daemon [_thread_in_vm, id=6508, stack(0x000000cce6700000,0x000000cce6800000)]

Stack: [0x000000cce6700000,0x000000cce6800000],  sp=0x000000cce67ff2f0,  free space=1020k
Native frames: (J=compiled Java code, j=interpreted, Vv=VM code, C=native code)
V  [jvm.dll+0x79fa2a]
V  [jvm.dll+0x50965c]
V  [jvm.dll+0x4d0cc4]
C  [jdwp.dll+0x22f7b]


siginfo: EXCEPTION_ACCESS_VIOLATION (0xc0000005), reading address 0x0000000000300047


Register to memory mapping:

RIP=0x00007ff83db4fa2a jvm.dll
RAX=0x000000000000004e is an unknown value
RBX=0x000001dd829e0378 points into unknown readable memory: 0x63003b656c626100 | 00 61 62 6c 65 3b 00 63
RCX=0x0000000000300043 is an unknown value
RDX=0x000001dd82f6c7c0 points into unknown readable memory: 0x412f65756575714c | 4c 71 75 65 75 65 2f 41
RSP=0x000000cce67ff2f0 is pointing into the stack for thread: 0x000001dd82f60040
RBP=0x000001dd82b22ad0 points into unknown readable memory: 0x0000000000000002 | 02 00 00 00 00 00 00 00
RSI=0x0 is NULL
RDI=0xffffffffffffffff is an unknown value
R8 =0x00000000000005bb is an unknown value
R9 =0x0000000000000040 is an unknown value
R10=0x0000000000000580 is an unknown value
R11=0x000000cce67ff310 is pointing into the stack for thread: 0x000001dd82f60040
R12=0x000000cce67ff448 is pointing into the stack for thread: 0x000001dd82f60040
R13=0x0 is NULL
R14=0x00000008001054b8 is a pointer to class: 
queue.ArrayBasedQueue {0x00000008001054c0}
 - instance size:     3
 - klass size:        74
 - access:            public synchronized 
 - state:             fully_initialized
 - name:              'queue/ArrayBasedQueue'
 - super:             'queue/Queue'
 - sub:               
 - arrays:            NULL
 - methods:           Array<T>(0x000001dd8393db58)
 - method ordering:   Array<T>(0x000001dd8393e478)
 - default_methods:   Array<T>(0x0000000000000000)
 - local interfaces:  Array<T>(0x000001dd82000058)
 - trans. interfaces: Array<T>(0x000001dd82000058)
 - constants:         constant pool [80] {0x000001dd8393eae8} for 'queue/ArrayBasedQueue' cache=0x000001dd8393edd0
 - class loader data:  loader data: 0x000001dd82822b20 for instance a 'jdk/internal/loader/ClassLoaders$AppClassLoader'{0x0000000710ef0970}
 - source file:       'ArrayBasedQueue.java'
 - source debug extension:       SMAP
ArrayBasedQueue.java
Java
*S jdt
*F
1 ArrayBasedQueue.java
2 file:/C:/Users/dufqn/eclipse-workspace/stack/bin/
*L
*E

 - class annotations:       Array<T>(0x0000000000000000)
 - class type annotations:  Array<T>(0x0000000000000000)
 - field annotations:       Array<T>(0x0000000000000000)
 - field type annotations:  Array<T>(0x0000000000000000)
 - generic signature: '
[error occurred during error reporting (printing register info), id 0xc0000005, EXCEPTION_ACCESS_VIOLATION (0xc0000005) at pc=0x00007ff83db50636]

Registers:
RAX=0x000000000000004e, RBX=0x000001dd829e0378, RCX=0x0000000000300043, RDX=0x000001dd82f6c7c0
RSP=0x000000cce67ff2f0, RBP=0x000001dd82b22ad0, RSI=0x0000000000000000, RDI=0xffffffffffffffff
R8 =0x00000000000005bb, R9 =0x0000000000000040, R10=0x0000000000000580, R11=0x000000cce67ff310
R12=0x000000cce67ff448, R13=0x0000000000000000, R14=0x00000008001054b8, R15=0x000000cce67ff498
RIP=0x00007ff83db4fa2a, EFLAGS=0x0000000000010206

Top of Stack: (sp=0x000000cce67ff2f0)
0x000000cce67ff2f0:   0000000000000015 00000008001054b8
0x000000cce67ff300:   000001dd82f60040 0000000000000000
0x000000cce67ff310:   ffffffffffffffff 00007ff83d8b965c
0x000000cce67ff320:   000001dd829e0378 000001dd829e0360
0x000000cce67ff330:   000001dd82b22ad0 000001dd8304df80
0x000000cce67ff340:   000001dd829e0330 00000000000003d8
0x000000cce67ff350:   000001dd829e0340 000001dd829e0718
0x000000cce67ff360:   0000000000000002 000000cce67ff448
0x000000cce67ff370:   0000000000000000 0000000000000000
0x000000cce67ff380:   0000000710bd3b70 00007ff83d880cc4
0x000000cce67ff390:   000001dd82f60040 000000cce67ff498
0x000000cce67ff3a0:   000001dde2da0f90 000000cce67ff498
0x000000cce67ff3b0:   000001dd82f60040 0000000000000000
0x000000cce67ff3c0:   000001dd00000000 0000000000000000
0x000000cce67ff3d0:   000000000000000d 00007ff89b7b2f7b
0x000000cce67ff3e0:   000000cce67ff490 00007ff89b7c1600 

Instructions: (pc=0x00007ff83db4fa2a)
0x00007ff83db4f92a:   48 83 c4 20 5f e9 bc 69 90 ff cc cc cc cc cc cc
0x00007ff83db4f93a:   cc cc cc cc cc cc 48 89 5c 24 08 57 48 83 ec 20
0x00007ff83db4f94a:   83 fa 02 8d 42 06 b9 08 00 00 00 49 8b d8 0f 4e
0x00007ff83db4f95a:   c1 48 63 c8 48 83 c1 07 83 e1 f8 48 63 f9 49 8b
0x00007ff83db4f96a:   48 18 48 8b c7 48 f7 d0 48 3b c1 73 16 4c 8d 05
0x00007ff83db4f97a:   ba 58 17 00 48 8b d7 48 8b cb e8 c7 cc 90 ff 48
0x00007ff83db4f98a:   8b 4b 18 48 8d 04 39 48 3b 43 20 76 18 45 33 c0
0x00007ff83db4f99a:   48 8b d7 48 8b cb 48 8b 5c 24 30 48 83 c4 20 5f
0x00007ff83db4f9aa:   e9 21 c9 90 ff 48 89 43 18 48 8b c1 48 8b 5c 24
0x00007ff83db4f9ba:   30 48 83 c4 20 5f c3 cc cc cc cc cc cc cc cc cc
0x00007ff83db4f9ca:   cc cc cc cc cc cc 4c 8b d2 4c 8b d9 45 85 c0 7e
0x00007ff83db4f9da:   3c 44 0f b7 49 04 41 8d 40 ff 41 3b c1 44 0f 4c
0x00007ff83db4f9ea:   c8 4d 63 c1 45 85 c9 7e 1f 48 8b c2 4c 2b da 49
0x00007ff83db4f9fa:   8b d0 0f 1f 40 00 41 0f b6 4c 03 06 88 08 48 8d
0x00007ff83db4fa0a:   40 01 48 83 ea 01 75 ee 43 c6 04 10 00 49 8b c2
0x00007ff83db4fa1a:   c3 cc cc cc cc cc 48 89 5c 24 08 57 48 83 ec 20
0x00007ff83db4fa2a:   0f b7 59 04 48 8b f9 33 d2 48 8d 4b 01 e8 f4 d9
0x00007ff83db4fa3a:   f2 ff 0f b7 57 04 4c 8b c0 3b da 0f 42 d3 44 8b
0x00007ff83db4fa4a:   ca 85 d2 74 39 48 2b f8 0f 1f 40 00 66 66 0f 1f
0x00007ff83db4fa5a:   84 00 00 00 00 00 0f b6 4c 07 06 88 08 48 ff c0
0x00007ff83db4fa6a:   48 8b c8 49 2b c8 49 3b c9 7c eb 42 c6 04 02 00
0x00007ff83db4fa7a:   49 8b c0 48 8b 5c 24 30 48 83 c4 20 5f c3 48 8b
0x00007ff83db4fa8a:   5c 24 30 c6 04 02 00 48 83 c4 20 5f c3 cc cc cc
0x00007ff83db4fa9a:   cc cc cc cc cc cc 4c 8b d1 45 85 c0 7e 6c 44 0f
0x00007ff83db4faaa:   b7 49 04 41 8d 40 ff 41 3b c1 44 0f 4c c8 4d 63
0x00007ff83db4faba:   d9 45 85 c9 7e 22 48 8b ca 4c 2b d2 4d 8b c3 0f
0x00007ff83db4faca:   1f 80 00 00 00 00 41 0f b6 44 0a 06 88 01 48 8d
0x00007ff83db4fada:   49 01 49 83 e8 01 75 ee 41 c6 04 13 00 48 c7 c0
0x00007ff83db4faea:   ff ff ff ff 66 90 48 ff c0 80 3c 02 00 75 f7 48
0x00007ff83db4fafa:   63 c8 85 c0 48 8b c2 7e 14 80 38 2f 75 03 c6 00
0x00007ff83db4fb0a:   2e 48 ff c0 48 83 e9 01 75 ef 48 8b c2 c3 cc cc
0x00007ff83db4fb1a:   cc cc cc cc cc cc 48 83 ec 28 e8 f7 fe ff ff 4c 


Stack slot to memory mapping:
stack at sp + 0 slots: 0x0000000000000015 is an unknown value
stack at sp + 1 slots: 0x00000008001054b8 is a pointer to class: 
queue.ArrayBasedQueue {0x00000008001054c0}
 - instance size:     3
 - klass size:        74
 - access:            public synchronized 
 - state:             fully_initialized
 - name:              'queue/ArrayBasedQueue'
 - super:             'queue/Queue'
 - sub:               
 - arrays:            NULL
 - methods:           Array<T>(0x000001dd8393db58)
 - method ordering:   Array<T>(0x000001dd8393e478)
 - default_methods:   Array<T>(0x0000000000000000)
 - local interfaces:  Array<T>(0x000001dd82000058)
 - trans. interfaces: Array<T>(0x000001dd82000058)
 - constants:         constant pool [80] {0x000001dd8393eae8} for 'queue/ArrayBasedQueue' cache=0x000001dd8393edd0
 - class loader data:  loader data: 0x000001dd82822b20 for instance a 'jdk/internal/loader/ClassLoaders$AppClassLoader'{0x0000000710ef0970}
 - source file:       'ArrayBasedQueue.java'
 - source debug extension:       SMAP
ArrayBasedQueue.java
Java
*S jdt
*F
1 ArrayBasedQueue.java
2 file:/C:/Users/dufqn/eclipse-workspace/stack/bin/
*L
*E

 - class annotations:       Array<T>(0x0000000000000000)
 - class type annotations:  Array<T>(0x0000000000000000)
 - field annotations:       Array<T>(0x0000000000000000)
 - field type annotations:  Array<T>(0x0000000000000000)
 - generic signature: '
[error occurred during error reporting (inspecting top of stack), id 0xc0000005, EXCEPTION_ACCESS_VIOLATION (0xc0000005) at pc=0x00007ff83db50636]


---------------  P R O C E S S  ---------------

Threads class SMR info:
_java_thread_list=0x000001dd8304bdc0, length=15, elements={
0x000001dde2db2ea0, 0x000001dd82863020, 0x000001dd82818850, 0x000001dd82895420,
0x000001dd82895fd0, 0x000001dd82871800, 0x000001dd82839c20, 0x000001dd8283ea00,
0x000001dd828cabc0, 0x000001dd828cc440, 0x000001ddffdc8c20, 0x000001dd82f60040,
0x000001dd82f60530, 0x000001dd82f60a20, 0x000001dd82f72de0
}

Java Threads: ( => current thread )
  0x000001dde2db2ea0 JavaThread "main" [_thread_blocked, id=16692, stack(0x000000cce5600000,0x000000cce5700000)]
  0x000001dd82863020 JavaThread "Reference Handler" daemon [_thread_blocked, id=8152, stack(0x000000cce5d00000,0x000000cce5e00000)]
  0x000001dd82818850 JavaThread "Finalizer" daemon [_thread_blocked, id=17156, stack(0x000000cce5e00000,0x000000cce5f00000)]
  0x000001dd82895420 JavaThread "Signal Dispatcher" daemon [_thread_blocked, id=17340, stack(0x000000cce5f00000,0x000000cce6000000)]
  0x000001dd82895fd0 JavaThread "Attach Listener" daemon [_thread_blocked, id=12064, stack(0x000000cce6000000,0x000000cce6100000)]
  0x000001dd82871800 JavaThread "Service Thread" daemon [_thread_blocked, id=24544, stack(0x000000cce6100000,0x000000cce6200000)]
  0x000001dd82839c20 JavaThread "Monitor Deflation Thread" daemon [_thread_blocked, id=9792, stack(0x000000cce6200000,0x000000cce6300000)]
  0x000001dd8283ea00 JavaThread "C2 CompilerThread0" daemon [_thread_blocked, id=20412, stack(0x000000cce6300000,0x000000cce6400000)]
  0x000001dd828cabc0 JavaThread "C1 CompilerThread0" daemon [_thread_blocked, id=27056, stack(0x000000cce6400000,0x000000cce6500000)]
  0x000001dd828cc440 JavaThread "Sweeper thread" daemon [_thread_blocked, id=24128, stack(0x000000cce6500000,0x000000cce6600000)]
  0x000001ddffdc8c20 JavaThread "Common-Cleaner" daemon [_thread_blocked, id=18244, stack(0x000000cce6600000,0x000000cce6700000)]
=>0x000001dd82f60040 JavaThread "JDWP Transport Listener: dt_socket" daemon [_thread_in_vm, id=6508, stack(0x000000cce6700000,0x000000cce6800000)]
  0x000001dd82f60530 JavaThread "JDWP Event Helper Thread" daemon [_thread_blocked, id=1620, stack(0x000000cce6800000,0x000000cce6900000)]
  0x000001dd82f60a20 JavaThread "JDWP Command Reader" daemon [_thread_in_native, id=27428, stack(0x000000cce6900000,0x000000cce6a00000)]
  0x000001dd82f72de0 JavaThread "Notification Thread" daemon [_thread_blocked, id=25076, stack(0x000000cce6a00000,0x000000cce6b00000)]

Other Threads:
  0x000001ddffe0ecd0 VMThread "VM Thread" [stack: 0x000000cce5c00000,0x000000cce5d00000] [id=13080]
  0x000001dd82f732b0 WatcherThread [stack: 0x000000cce6b00000,0x000000cce6c00000] [id=28648]
  0x000001dde2e1e8b0 GCTaskThread "GC Thread#0" [stack: 0x000000cce5700000,0x000000cce5800000] [id=10840]
  0x000001dde2e2f6f0 ConcurrentGCThread "G1 Main Marker" [stack: 0x000000cce5800000,0x000000cce5900000] [id=2728]
  0x000001dde2e31d80 ConcurrentGCThread "G1 Conc#0" [stack: 0x000000cce5900000,0x000000cce5a00000] [id=15084]
  0x000001ddffc944e0 ConcurrentGCThread "G1 Refine#0" [stack: 0x000000cce5a00000,0x000000cce5b00000] [id=24564]
  0x000001ddffc94d10 ConcurrentGCThread "G1 Service" [stack: 0x000000cce5b00000,0x000000cce5c00000] [id=24940]

Threads with active compile tasks:

VM state: not at safepoint (normal execution)

VM Mutex/Monitor currently owned by a thread: None

Heap address: 0x0000000701000000, size: 4080 MB, Compressed Oops mode: Zero based, Oop shift amount: 3

CDS archive(s) not mapped
Compressed class space mapped at: 0x0000000800000000-0x0000000840000000, reserved size: 1073741824
Narrow klass base: 0x0000000800000000, Narrow klass shift: 0, Narrow klass range: 0x40000000

GC Precious Log:
 CPUs: 12 total, 12 available
 Memory: 16314M
 Large Page Support: Disabled
 NUMA Support: Disabled
 Compressed Oops: Enabled (Zero based)
 Heap Region Size: 2M
 Heap Min Capacity: 8M
 Heap Initial Capacity: 256M
 Heap Max Capacity: 4080M
 Pre-touch: Disabled
 Parallel Workers: 10
 Concurrent Workers: 3
 Concurrent Refinement Workers: 10
 Periodic GC: Disabled

Heap:
 garbage-first heap   total 262144K, used 4096K [0x0000000701000000, 0x0000000800000000)
  region size 2048K, 3 young (6144K), 0 survivors (0K)
 Metaspace       used 9838K, committed 9984K, reserved 1064960K
  class space    used 869K, committed 960K, reserved 1048576K

Heap Regions: E=young(eden), S=young(survivor), O=old, HS=humongous(starts), HC=humongous(continues), CS=collection set, F=free, OA=open archive, CA=closed archive, TAMS=top-at-mark-start (previous, next)
|   0|0x0000000701000000, 0x0000000701000000, 0x0000000701200000|  0%| F|  |TAMS 0x0000000701000000, 0x0000000701000000| Untracked 
|   1|0x0000000701200000, 0x0000000701200000, 0x0000000701400000|  0%| F|  |TAMS 0x0000000701200000, 0x0000000701200000| Untracked 
|   2|0x0000000701400000, 0x0000000701400000, 0x0000000701600000|  0%| F|  |TAMS 0x0000000701400000, 0x0000000701400000| Untracked 
|   3|0x0000000701600000, 0x0000000701600000, 0x0000000701800000|  0%| F|  |TAMS 0x0000000701600000, 0x0000000701600000| Untracked 
|   4|0x0000000701800000, 0x0000000701800000, 0x0000000701a00000|  0%| F|  |TAMS 0x0000000701800000, 0x0000000701800000| Untracked 
|   5|0x0000000701a00000, 0x0000000701a00000, 0x0000000701c00000|  0%| F|  |TAMS 0x0000000701a00000, 0x0000000701a00000| Untracked 
|   6|0x0000000701c00000, 0x0000000701c00000, 0x0000000701e00000|  0%| F|  |TAMS 0x0000000701c00000, 0x0000000701c00000| Untracked 
|   7|0x0000000701e00000, 0x0000000701e00000, 0x0000000702000000|  0%| F|  |TAMS 0x0000000701e00000, 0x0000000701e00000| Untracked 
|   8|0x0000000702000000, 0x0000000702000000, 0x0000000702200000|  0%| F|  |TAMS 0x0000000702000000, 0x0000000702000000| Untracked 
|   9|0x0000000702200000, 0x0000000702200000, 0x0000000702400000|  0%| F|  |TAMS 0x0000000702200000, 0x0000000702200000| Untracked 
|  10|0x0000000702400000, 0x0000000702400000, 0x0000000702600000|  0%| F|  |TAMS 0x0000000702400000, 0x0000000702400000| Untracked 
|  11|0x0000000702600000, 0x0000000702600000, 0x0000000702800000|  0%| F|  |TAMS 0x0000000702600000, 0x0000000702600000| Untracked 
|  12|0x0000000702800000, 0x0000000702800000, 0x0000000702a00000|  0%| F|  |TAMS 0x0000000702800000, 0x0000000702800000| Untracked 
|  13|0x0000000702a00000, 0x0000000702a00000, 0x0000000702c00000|  0%| F|  |TAMS 0x0000000702a00000, 0x0000000702a00000| Untracked 
|  14|0x0000000702c00000, 0x0000000702c00000, 0x0000000702e00000|  0%| F|  |TAMS 0x0000000702c00000, 0x0000000702c00000| Untracked 
|  15|0x0000000702e00000, 0x0000000702e00000, 0x0000000703000000|  0%| F|  |TAMS 0x0000000702e00000, 0x0000000702e00000| Untracked 
|  16|0x0000000703000000, 0x0000000703000000, 0x0000000703200000|  0%| F|  |TAMS 0x0000000703000000, 0x0000000703000000| Untracked 
|  17|0x0000000703200000, 0x0000000703200000, 0x0000000703400000|  0%| F|  |TAMS 0x0000000703200000, 0x0000000703200000| Untracked 
|  18|0x0000000703400000, 0x0000000703400000, 0x0000000703600000|  0%| F|  |TAMS 0x0000000703400000, 0x0000000703400000| Untracked 
|  19|0x0000000703600000, 0x0000000703600000, 0x0000000703800000|  0%| F|  |TAMS 0x0000000703600000, 0x0000000703600000| Untracked 
|  20|0x0000000703800000, 0x0000000703800000, 0x0000000703a00000|  0%| F|  |TAMS 0x0000000703800000, 0x0000000703800000| Untracked 
|  21|0x0000000703a00000, 0x0000000703a00000, 0x0000000703c00000|  0%| F|  |TAMS 0x0000000703a00000, 0x0000000703a00000| Untracked 
|  22|0x0000000703c00000, 0x0000000703c00000, 0x0000000703e00000|  0%| F|  |TAMS 0x0000000703c00000, 0x0000000703c00000| Untracked 
|  23|0x0000000703e00000, 0x0000000703e00000, 0x0000000704000000|  0%| F|  |TAMS 0x0000000703e00000, 0x0000000703e00000| Untracked 
|  24|0x0000000704000000, 0x0000000704000000, 0x0000000704200000|  0%| F|  |TAMS 0x0000000704000000, 0x0000000704000000| Untracked 
|  25|0x0000000704200000, 0x0000000704200000, 0x0000000704400000|  0%| F|  |TAMS 0x0000000704200000, 0x0000000704200000| Untracked 
|  26|0x0000000704400000, 0x0000000704400000, 0x0000000704600000|  0%| F|  |TAMS 0x0000000704400000, 0x0000000704400000| Untracked 
|  27|0x0000000704600000, 0x0000000704600000, 0x0000000704800000|  0%| F|  |TAMS 0x0000000704600000, 0x0000000704600000| Untracked 
|  28|0x0000000704800000, 0x0000000704800000, 0x0000000704a00000|  0%| F|  |TAMS 0x0000000704800000, 0x0000000704800000| Untracked 
|  29|0x0000000704a00000, 0x0000000704a00000, 0x0000000704c00000|  0%| F|  |TAMS 0x0000000704a00000, 0x0000000704a00000| Untracked 
|  30|0x0000000704c00000, 0x0000000704c00000, 0x0000000704e00000|  0%| F|  |TAMS 0x0000000704c00000, 0x0000000704c00000| Untracked 
|  31|0x0000000704e00000, 0x0000000704e00000, 0x0000000705000000|  0%| F|  |TAMS 0x0000000704e00000, 0x0000000704e00000| Untracked 
|  32|0x0000000705000000, 0x0000000705000000, 0x0000000705200000|  0%| F|  |TAMS 0x0000000705000000, 0x0000000705000000| Untracked 
|  33|0x0000000705200000, 0x0000000705200000, 0x0000000705400000|  0%| F|  |TAMS 0x0000000705200000, 0x0000000705200000| Untracked 
|  34|0x0000000705400000, 0x0000000705400000, 0x0000000705600000|  0%| F|  |TAMS 0x0000000705400000, 0x0000000705400000| Untracked 
|  35|0x0000000705600000, 0x0000000705600000, 0x0000000705800000|  0%| F|  |TAMS 0x0000000705600000, 0x0000000705600000| Untracked 
|  36|0x0000000705800000, 0x0000000705800000, 0x0000000705a00000|  0%| F|  |TAMS 0x0000000705800000, 0x0000000705800000| Untracked 
|  37|0x0000000705a00000, 0x0000000705a00000, 0x0000000705c00000|  0%| F|  |TAMS 0x0000000705a00000, 0x0000000705a00000| Untracked 
|  38|0x0000000705c00000, 0x0000000705c00000, 0x0000000705e00000|  0%| F|  |TAMS 0x0000000705c00000, 0x0000000705c00000| Untracked 
|  39|0x0000000705e00000, 0x0000000705e00000, 0x0000000706000000|  0%| F|  |TAMS 0x0000000705e00000, 0x0000000705e00000| Untracked 
|  40|0x0000000706000000, 0x0000000706000000, 0x0000000706200000|  0%| F|  |TAMS 0x0000000706000000, 0x0000000706000000| Untracked 
|  41|0x0000000706200000, 0x0000000706200000, 0x0000000706400000|  0%| F|  |TAMS 0x0000000706200000, 0x0000000706200000| Untracked 
|  42|0x0000000706400000, 0x0000000706400000, 0x0000000706600000|  0%| F|  |TAMS 0x0000000706400000, 0x0000000706400000| Untracked 
|  43|0x0000000706600000, 0x0000000706600000, 0x0000000706800000|  0%| F|  |TAMS 0x0000000706600000, 0x0000000706600000| Untracked 
|  44|0x0000000706800000, 0x0000000706800000, 0x0000000706a00000|  0%| F|  |TAMS 0x0000000706800000, 0x0000000706800000| Untracked 
|  45|0x0000000706a00000, 0x0000000706a00000, 0x0000000706c00000|  0%| F|  |TAMS 0x0000000706a00000, 0x0000000706a00000| Untracked 
|  46|0x0000000706c00000, 0x0000000706c00000, 0x0000000706e00000|  0%| F|  |TAMS 0x0000000706c00000, 0x0000000706c00000| Untracked 
|  47|0x0000000706e00000, 0x0000000706e00000, 0x0000000707000000|  0%| F|  |TAMS 0x0000000706e00000, 0x0000000706e00000| Untracked 
|  48|0x0000000707000000, 0x0000000707000000, 0x0000000707200000|  0%| F|  |TAMS 0x0000000707000000, 0x0000000707000000| Untracked 
|  49|0x0000000707200000, 0x0000000707200000, 0x0000000707400000|  0%| F|  |TAMS 0x0000000707200000, 0x0000000707200000| Untracked 
|  50|0x0000000707400000, 0x0000000707400000, 0x0000000707600000|  0%| F|  |TAMS 0x0000000707400000, 0x0000000707400000| Untracked 
|  51|0x0000000707600000, 0x0000000707600000, 0x0000000707800000|  0%| F|  |TAMS 0x0000000707600000, 0x0000000707600000| Untracked 
|  52|0x0000000707800000, 0x0000000707800000, 0x0000000707a00000|  0%| F|  |TAMS 0x0000000707800000, 0x0000000707800000| Untracked 
|  53|0x0000000707a00000, 0x0000000707a00000, 0x0000000707c00000|  0%| F|  |TAMS 0x0000000707a00000, 0x0000000707a00000| Untracked 
|  54|0x0000000707c00000, 0x0000000707c00000, 0x0000000707e00000|  0%| F|  |TAMS 0x0000000707c00000, 0x0000000707c00000| Untracked 
|  55|0x0000000707e00000, 0x0000000707e00000, 0x0000000708000000|  0%| F|  |TAMS 0x0000000707e00000, 0x0000000707e00000| Untracked 
|  56|0x0000000708000000, 0x0000000708000000, 0x0000000708200000|  0%| F|  |TAMS 0x0000000708000000, 0x0000000708000000| Untracked 
|  57|0x0000000708200000, 0x0000000708200000, 0x0000000708400000|  0%| F|  |TAMS 0x0000000708200000, 0x0000000708200000| Untracked 
|  58|0x0000000708400000, 0x0000000708400000, 0x0000000708600000|  0%| F|  |TAMS 0x0000000708400000, 0x0000000708400000| Untracked 
|  59|0x0000000708600000, 0x0000000708600000, 0x0000000708800000|  0%| F|  |TAMS 0x0000000708600000, 0x0000000708600000| Untracked 
|  60|0x0000000708800000, 0x0000000708800000, 0x0000000708a00000|  0%| F|  |TAMS 0x0000000708800000, 0x0000000708800000| Untracked 
|  61|0x0000000708a00000, 0x0000000708a00000, 0x0000000708c00000|  0%| F|  |TAMS 0x0000000708a00000, 0x0000000708a00000| Untracked 
|  62|0x0000000708c00000, 0x0000000708c00000, 0x0000000708e00000|  0%| F|  |TAMS 0x0000000708c00000, 0x0000000708c00000| Untracked 
|  63|0x0000000708e00000, 0x0000000708e00000, 0x0000000709000000|  0%| F|  |TAMS 0x0000000708e00000, 0x0000000708e00000| Untracked 
|  64|0x0000000709000000, 0x0000000709000000, 0x0000000709200000|  0%| F|  |TAMS 0x0000000709000000, 0x0000000709000000| Untracked 
|  65|0x0000000709200000, 0x0000000709200000, 0x0000000709400000|  0%| F|  |TAMS 0x0000000709200000, 0x0000000709200000| Untracked 
|  66|0x0000000709400000, 0x0000000709400000, 0x0000000709600000|  0%| F|  |TAMS 0x0000000709400000, 0x0000000709400000| Untracked 
|  67|0x0000000709600000, 0x0000000709600000, 0x0000000709800000|  0%| F|  |TAMS 0x0000000709600000, 0x0000000709600000| Untracked 
|  68|0x0000000709800000, 0x0000000709800000, 0x0000000709a00000|  0%| F|  |TAMS 0x0000000709800000, 0x0000000709800000| Untracked 
|  69|0x0000000709a00000, 0x0000000709a00000, 0x0000000709c00000|  0%| F|  |TAMS 0x0000000709a00000, 0x0000000709a00000| Untracked 
|  70|0x0000000709c00000, 0x0000000709c00000, 0x0000000709e00000|  0%| F|  |TAMS 0x0000000709c00000, 0x0000000709c00000| Untracked 
|  71|0x0000000709e00000, 0x0000000709e00000, 0x000000070a000000|  0%| F|  |TAMS 0x0000000709e00000, 0x0000000709e00000| Untracked 
|  72|0x000000070a000000, 0x000000070a000000, 0x000000070a200000|  0%| F|  |TAMS 0x000000070a000000, 0x000000070a000000| Untracked 
|  73|0x000000070a200000, 0x000000070a200000, 0x000000070a400000|  0%| F|  |TAMS 0x000000070a200000, 0x000000070a200000| Untracked 
|  74|0x000000070a400000, 0x000000070a400000, 0x000000070a600000|  0%| F|  |TAMS 0x000000070a400000, 0x000000070a400000| Untracked 
|  75|0x000000070a600000, 0x000000070a600000, 0x000000070a800000|  0%| F|  |TAMS 0x000000070a600000, 0x000000070a600000| Untracked 
|  76|0x000000070a800000, 0x000000070a800000, 0x000000070aa00000|  0%| F|  |TAMS 0x000000070a800000, 0x000000070a800000| Untracked 
|  77|0x000000070aa00000, 0x000000070aa00000, 0x000000070ac00000|  0%| F|  |TAMS 0x000000070aa00000, 0x000000070aa00000| Untracked 
|  78|0x000000070ac00000, 0x000000070ac00000, 0x000000070ae00000|  0%| F|  |TAMS 0x000000070ac00000, 0x000000070ac00000| Untracked 
|  79|0x000000070ae00000, 0x000000070ae00000, 0x000000070b000000|  0%| F|  |TAMS 0x000000070ae00000, 0x000000070ae00000| Untracked 
|  80|0x000000070b000000, 0x000000070b000000, 0x000000070b200000|  0%| F|  |TAMS 0x000000070b000000, 0x000000070b000000| Untracked 
|  81|0x000000070b200000, 0x000000070b200000, 0x000000070b400000|  0%| F|  |TAMS 0x000000070b200000, 0x000000070b200000| Untracked 
|  82|0x000000070b400000, 0x000000070b400000, 0x000000070b600000|  0%| F|  |TAMS 0x000000070b400000, 0x000000070b400000| Untracked 
|  83|0x000000070b600000, 0x000000070b600000, 0x000000070b800000|  0%| F|  |TAMS 0x000000070b600000, 0x000000070b600000| Untracked 
|  84|0x000000070b800000, 0x000000070b800000, 0x000000070ba00000|  0%| F|  |TAMS 0x000000070b800000, 0x000000070b800000| Untracked 
|  85|0x000000070ba00000, 0x000000070ba00000, 0x000000070bc00000|  0%| F|  |TAMS 0x000000070ba00000, 0x000000070ba00000| Untracked 
|  86|0x000000070bc00000, 0x000000070bc00000, 0x000000070be00000|  0%| F|  |TAMS 0x000000070bc00000, 0x000000070bc00000| Untracked 
|  87|0x000000070be00000, 0x000000070be00000, 0x000000070c000000|  0%| F|  |TAMS 0x000000070be00000, 0x000000070be00000| Untracked 
|  88|0x000000070c000000, 0x000000070c000000, 0x000000070c200000|  0%| F|  |TAMS 0x000000070c000000, 0x000000070c000000| Untracked 
|  89|0x000000070c200000, 0x000000070c200000, 0x000000070c400000|  0%| F|  |TAMS 0x000000070c200000, 0x000000070c200000| Untracked 
|  90|0x000000070c400000, 0x000000070c400000, 0x000000070c600000|  0%| F|  |TAMS 0x000000070c400000, 0x000000070c400000| Untracked 
|  91|0x000000070c600000, 0x000000070c600000, 0x000000070c800000|  0%| F|  |TAMS 0x000000070c600000, 0x000000070c600000| Untracked 
|  92|0x000000070c800000, 0x000000070c800000, 0x000000070ca00000|  0%| F|  |TAMS 0x000000070c800000, 0x000000070c800000| Untracked 
|  93|0x000000070ca00000, 0x000000070ca00000, 0x000000070cc00000|  0%| F|  |TAMS 0x000000070ca00000, 0x000000070ca00000| Untracked 
|  94|0x000000070cc00000, 0x000000070cc00000, 0x000000070ce00000|  0%| F|  |TAMS 0x000000070cc00000, 0x000000070cc00000| Untracked 
|  95|0x000000070ce00000, 0x000000070ce00000, 0x000000070d000000|  0%| F|  |TAMS 0x000000070ce00000, 0x000000070ce00000| Untracked 
|  96|0x000000070d000000, 0x000000070d000000, 0x000000070d200000|  0%| F|  |TAMS 0x000000070d000000, 0x000000070d000000| Untracked 
|  97|0x000000070d200000, 0x000000070d200000, 0x000000070d400000|  0%| F|  |TAMS 0x000000070d200000, 0x000000070d200000| Untracked 
|  98|0x000000070d400000, 0x000000070d400000, 0x000000070d600000|  0%| F|  |TAMS 0x000000070d400000, 0x000000070d400000| Untracked 
|  99|0x000000070d600000, 0x000000070d600000, 0x000000070d800000|  0%| F|  |TAMS 0x000000070d600000, 0x000000070d600000| Untracked 
| 100|0x000000070d800000, 0x000000070d800000, 0x000000070da00000|  0%| F|  |TAMS 0x000000070d800000, 0x000000070d800000| Untracked 
| 101|0x000000070da00000, 0x000000070da00000, 0x000000070dc00000|  0%| F|  |TAMS 0x000000070da00000, 0x000000070da00000| Untracked 
| 102|0x000000070dc00000, 0x000000070dc00000, 0x000000070de00000|  0%| F|  |TAMS 0x000000070dc00000, 0x000000070dc00000| Untracked 
| 103|0x000000070de00000, 0x000000070de00000, 0x000000070e000000|  0%| F|  |TAMS 0x000000070de00000, 0x000000070de00000| Untracked 
| 104|0x000000070e000000, 0x000000070e000000, 0x000000070e200000|  0%| F|  |TAMS 0x000000070e000000, 0x000000070e000000| Untracked 
| 105|0x000000070e200000, 0x000000070e200000, 0x000000070e400000|  0%| F|  |TAMS 0x000000070e200000, 0x000000070e200000| Untracked 
| 106|0x000000070e400000, 0x000000070e400000, 0x000000070e600000|  0%| F|  |TAMS 0x000000070e400000, 0x000000070e400000| Untracked 
| 107|0x000000070e600000, 0x000000070e600000, 0x000000070e800000|  0%| F|  |TAMS 0x000000070e600000, 0x000000070e600000| Untracked 
| 108|0x000000070e800000, 0x000000070e800000, 0x000000070ea00000|  0%| F|  |TAMS 0x000000070e800000, 0x000000070e800000| Untracked 
| 109|0x000000070ea00000, 0x000000070ea00000, 0x000000070ec00000|  0%| F|  |TAMS 0x000000070ea00000, 0x000000070ea00000| Untracked 
| 110|0x000000070ec00000, 0x000000070ec00000, 0x000000070ee00000|  0%| F|  |TAMS 0x000000070ec00000, 0x000000070ec00000| Untracked 
| 111|0x000000070ee00000, 0x000000070ee00000, 0x000000070f000000|  0%| F|  |TAMS 0x000000070ee00000, 0x000000070ee00000| Untracked 
| 112|0x000000070f000000, 0x000000070f000000, 0x000000070f200000|  0%| F|  |TAMS 0x000000070f000000, 0x000000070f000000| Untracked 
| 113|0x000000070f200000, 0x000000070f200000, 0x000000070f400000|  0%| F|  |TAMS 0x000000070f200000, 0x000000070f200000| Untracked 
| 114|0x000000070f400000, 0x000000070f400000, 0x000000070f600000|  0%| F|  |TAMS 0x000000070f400000, 0x000000070f400000| Untracked 
| 115|0x000000070f600000, 0x000000070f600000, 0x000000070f800000|  0%| F|  |TAMS 0x000000070f600000, 0x000000070f600000| Untracked 
| 116|0x000000070f800000, 0x000000070f800000, 0x000000070fa00000|  0%| F|  |TAMS 0x000000070f800000, 0x000000070f800000| Untracked 
| 117|0x000000070fa00000, 0x000000070fa00000, 0x000000070fc00000|  0%| F|  |TAMS 0x000000070fa00000, 0x000000070fa00000| Untracked 
| 118|0x000000070fc00000, 0x000000070fc00000, 0x000000070fe00000|  0%| F|  |TAMS 0x000000070fc00000, 0x000000070fc00000| Untracked 
| 119|0x000000070fe00000, 0x000000070fe00000, 0x0000000710000000|  0%| F|  |TAMS 0x000000070fe00000, 0x000000070fe00000| Untracked 
| 120|0x0000000710000000, 0x0000000710000000, 0x0000000710200000|  0%| F|  |TAMS 0x0000000710000000, 0x0000000710000000| Untracked 
| 121|0x0000000710200000, 0x0000000710200000, 0x0000000710400000|  0%| F|  |TAMS 0x0000000710200000, 0x0000000710200000| Untracked 
| 122|0x0000000710400000, 0x0000000710400000, 0x0000000710600000|  0%| F|  |TAMS 0x0000000710400000, 0x0000000710400000| Untracked 
| 123|0x0000000710600000, 0x0000000710600000, 0x0000000710800000|  0%| F|  |TAMS 0x0000000710600000, 0x0000000710600000| Untracked 
| 124|0x0000000710800000, 0x0000000710800000, 0x0000000710a00000|  0%| F|  |TAMS 0x0000000710800000, 0x0000000710800000| Untracked 
| 125|0x0000000710a00000, 0x0000000710c00000, 0x0000000710c00000|100%| E|  |TAMS 0x0000000710a00000, 0x0000000710a00000| Complete 
| 126|0x0000000710c00000, 0x0000000710e00000, 0x0000000710e00000|100%| E|CS|TAMS 0x0000000710c00000, 0x0000000710c00000| Complete 
| 127|0x0000000710e00000, 0x0000000711000000, 0x0000000711000000|100%| E|CS|TAMS 0x0000000710e00000, 0x0000000710e00000| Complete 

Card table byte_map: [0x000001ddf61e0000,0x000001ddf69e0000] _byte_map_base: 0x000001ddf29d8000

Marking Bits (Prev, Next): (CMBitMap*) 0x000001dde2e1eec0, (CMBitMap*) 0x000001dde2e1ef00
 Prev Bits: [0x000001ddf71e0000, 0x000001ddfb1a0000)
 Next Bits: [0x000001ddfb1a0000, 0x000001ddff160000)

Polling page: 0x000001dde0d00000

Metaspace:

Usage:
  Non-class:      8.76 MB used.
      Class:    869.30 KB used.
       Both:      9.61 MB used.

Virtual space:
  Non-class space:       16.00 MB reserved,       8.81 MB ( 55%) committed,  2 nodes.
      Class space:        1.00 GB reserved,     960.00 KB ( <1%) committed,  1 nodes.
             Both:        1.02 GB reserved,       9.75 MB ( <1%) committed. 

Chunk freelists:
   Non-Class:  2.75 MB
       Class:  2.97 MB
        Both:  5.72 MB

MaxMetaspaceSize: unlimited
CompressedClassSpaceSize: 1.00 GB
Initial GC threshold: 21.00 MB
Current GC threshold: 21.00 MB
CDS: off
MetaspaceReclaimPolicy: balanced
 - commit_granule_bytes: 65536.
 - commit_granule_words: 8192.
 - virtual_space_node_default_size: 1048576.
 - enlarge_chunks_in_place: 1.
 - new_chunks_are_fully_committed: 0.
 - uncommit_free_chunks: 1.
 - use_allocation_guard: 0.
 - handle_deallocations: 1.


Internal statistics:

num_allocs_failed_limit: 0.
num_arena_births: 12.
num_arena_deaths: 0.
num_vsnodes_births: 3.
num_vsnodes_deaths: 0.
num_space_committed: 156.
num_space_uncommitted: 0.
num_chunks_returned_to_freelist: 0.
num_chunks_taken_from_freelist: 48.
num_chunk_merges: 0.
num_chunk_splits: 23.
num_chunks_enlarged: 17.
num_purges: 0.
num_inconsistent_stats: 0.

CodeHeap 'non-profiled nmethods': size=120000Kb used=122Kb max_used=122Kb free=119877Kb
 bounds [0x000001ddedf50000, 0x000001ddee1c0000, 0x000001ddf5480000]
CodeHeap 'profiled nmethods': size=120000Kb used=680Kb max_used=680Kb free=119319Kb
 bounds [0x000001dde6a20000, 0x000001dde6c90000, 0x000001ddedf50000]
CodeHeap 'non-nmethods': size=5760Kb used=1207Kb max_used=1223Kb free=4552Kb
 bounds [0x000001dde6480000, 0x000001dde66f0000, 0x000001dde6a20000]
 total_blobs=841 nmethods=417 adapters=337
 compilation: enabled
              stopped_count=0, restarted_count=0
 full_count=0

Compilation events (20 events):
Event: 0.321 Thread 0x000001dd828cabc0  410       3       java.lang.String::<init> (74 bytes)
Event: 0.321 Thread 0x000001dd828cabc0 nmethod 410 0x000001dde6ac7c90 code [0x000001dde6ac7e60, 0x000001dde6ac8298]
Event: 0.321 Thread 0x000001dd828cabc0  411       3       org.eclipse.jdt.launching.internal.org.objectweb.asm.ClassReader::getItem (7 bytes)
Event: 0.321 Thread 0x000001dd828cabc0 nmethod 411 0x000001dde6ac8390 code [0x000001dde6ac8520, 0x000001dde6ac8658]
Event: 0.321 Thread 0x000001dd828cabc0  412       3       java.lang.String::<init> (14 bytes)
Event: 0.321 Thread 0x000001dd828cabc0 nmethod 412 0x000001dde6ac8710 code [0x000001dde6ac88c0, 0x000001dde6ac8ad8]
Event: 0.321 Thread 0x000001dd828cabc0  413       3       java.lang.String::rangeCheck (9 bytes)
Event: 0.321 Thread 0x000001dd828cabc0 nmethod 413 0x000001dde6ac8c10 code [0x000001dde6ac8dc0, 0x000001dde6ac8f08]
Event: 0.321 Thread 0x000001dd828cabc0  414       3       org.eclipse.jdt.launching.internal.org.objectweb.asm.SymbolTable::hash (10 bytes)
Event: 0.322 Thread 0x000001dd828cabc0 nmethod 414 0x000001dde6ac9010 code [0x000001dde6ac91a0, 0x000001dde6ac92e8]
Event: 149.004 Thread 0x000001dd828cabc0  415       3       org.eclipse.jdt.launching.internal.org.objectweb.asm.Symbol::<init> (38 bytes)
Event: 149.004 Thread 0x000001dd8283ea00  418       4       java.lang.AbstractStringBuilder::ensureCapacityInternal (39 bytes)
Event: 149.004 Thread 0x000001dd828cabc0 nmethod 415 0x000001dde6ac9410 code [0x000001dde6ac95c0, 0x000001dde6ac9878]
Event: 149.004 Thread 0x000001dd828cabc0  417       3       org.eclipse.jdt.launching.internal.org.objectweb.asm.SymbolTable::add (39 bytes)
Event: 149.006 Thread 0x000001dd828cabc0 

Event: 149.006 Thread 0x000001dd828cabc0  416       3       java.lang.StringUTF16::compress (20 bytes)
Event: 149.006 Thread 0x000001dd828cabc0 nmethod 416 0x000001dde6ac9990 code [0x000001dde6ac9b40, 0x000001dde6ac9d88]
Event: 149.006 Thread 0x000001dd828cabc0  419       3       org.eclipse.jdt.launching.internal.org.objectweb.asm.ClassReader::readUTF8 (23 bytes)
Event: 149.006 Thread 0x000001dd828cabc0 nmethod 419 0x000001dde6ac9e90 code [0x000001dde6aca040, 0x000001dde6aca298]
Event: 149.008 Thread 0x000001dd8283ea00 


GC Heap History (0 events):
No events

Deoptimization events (20 events):
Event: 0.309 Thread 0x000001dde2db2ea0 DEOPT PACKING pc=0x000001dde6aad9d4 sp=0x000000cce56f8bf0
Event: 0.309 Thread 0x000001dde2db2ea0 DEOPT UNPACKING pc=0x000001dde64d2b43 sp=0x000000cce56f8058 mode 0
Event: 0.309 Thread 0x000001dde2db2ea0 DEOPT PACKING pc=0x000001dde6aad9d4 sp=0x000000cce56f8bf0
Event: 0.309 Thread 0x000001dde2db2ea0 DEOPT UNPACKING pc=0x000001dde64d2b43 sp=0x000000cce56f8058 mode 0
Event: 0.310 Thread 0x000001dde2db2ea0 DEOPT PACKING pc=0x000001dde6aad9d4 sp=0x000000cce56f8bf0
Event: 0.310 Thread 0x000001dde2db2ea0 DEOPT UNPACKING pc=0x000001dde64d2b43 sp=0x000000cce56f8058 mode 0
Event: 0.310 Thread 0x000001dde2db2ea0 DEOPT PACKING pc=0x000001dde6aad9d4 sp=0x000000cce56f8bf0
Event: 0.310 Thread 0x000001dde2db2ea0 DEOPT UNPACKING pc=0x000001dde64d2b43 sp=0x000000cce56f8058 mode 0
Event: 0.310 Thread 0x000001dde2db2ea0 DEOPT PACKING pc=0x000001dde6aad9d4 sp=0x000000cce56fc640
Event: 0.310 Thread 0x000001dde2db2ea0 DEOPT UNPACKING pc=0x000001dde64d2b43 sp=0x000000cce56fbaa8 mode 0
Event: 0.311 Thread 0x000001dde2db2ea0 DEOPT PACKING pc=0x000001dde6aad9d4 sp=0x000000cce56fc640
Event: 0.311 Thread 0x000001dde2db2ea0 DEOPT UNPACKING pc=0x000001dde64d2b43 sp=0x000000cce56fbaa8 mode 0
Event: 0.313 Thread 0x000001dde2db2ea0 DEOPT PACKING pc=0x000001dde6aad9d4 sp=0x000000cce56fc570
Event: 0.313 Thread 0x000001dde2db2ea0 DEOPT UNPACKING pc=0x000001dde64d2b43 sp=0x000000cce56fb9d8 mode 0
Event: 0.313 Thread 0x000001dde2db2ea0 DEOPT PACKING pc=0x000001dde6aad9d4 sp=0x000000cce56fc570
Event: 0.313 Thread 0x000001dde2db2ea0 DEOPT UNPACKING pc=0x000001dde64d2b43 sp=0x000000cce56fb9d8 mode 0
Event: 0.314 Thread 0x000001dde2db2ea0 DEOPT PACKING pc=0x000001dde6aad9d4 sp=0x000000cce56fc640
Event: 0.314 Thread 0x000001dde2db2ea0 DEOPT UNPACKING pc=0x000001dde64d2b43 sp=0x000000cce56fbaa8 mode 0
Event: 0.315 Thread 0x000001dde2db2ea0 DEOPT PACKING pc=0x000001dde6aad9d4 sp=0x000000cce56f87e0
Event: 0.315 Thread 0x000001dde2db2ea0 DEOPT UNPACKING pc=0x000001dde64d2b43 sp=0x000000cce56f7c48 mode 0

Classes unloaded (0 events):
No events

Classes redefined (1 events):
Event: 149.004 Thread 0x000001ddffe0ecd0 redefined class name=queue.ArrayBasedQueue, count=1

Internal exceptions (1 events):
Event: 0.103 Thread 0x000001dde2db2ea0 Exception <a 'java/lang/NoSuchMethodError'{0x0000000710fca030}: 'void java.lang.invoke.DirectMethodHandle$Holder.invokeVirtual(java.lang.Object, java.lang.Object)'> (0x0000000710fca030) 
thrown [s\src\hotspot\share\interpreter\linkResolver.cpp, line 759]

VM Operations (20 events):
Event: 54.175 Executing VM operation: get/set locals
Event: 54.175 Executing VM operation: get/set locals done
Event: 54.176 Executing VM operation: get/set locals
Event: 54.176 Executing VM operation: get/set locals done
Event: 149.002 Executing VM operation: ChangeSingleStep
Event: 149.002 Executing VM operation: ChangeSingleStep done
Event: 149.002 Executing VM operation: ChangeSingleStep
Event: 149.002 Executing VM operation: ChangeSingleStep done
Event: 149.004 Executing VM operation: RedefineClasses
Event: 149.006 Executing VM operation: RedefineClasses done
Event: 149.010 Executing VM operation: ChangeBreakpoints
Event: 149.010 Executing VM operation: ChangeBreakpoints done
Event: 149.013 Executing VM operation: ChangeBreakpoints
Event: 149.014 Executing VM operation: ChangeBreakpoints done
Event: 149.017 Executing VM operation: ChangeBreakpoints
Event: 149.017 Executing VM operation: ChangeBreakpoints done
Event: 149.019 Executing VM operation: ChangeSingleStep
Event: 149.019 Executing VM operation: ChangeSingleStep done
Event: 149.020 Executing VM operation: ChangeSingleStep
Event: 149.020 Executing VM operation: ChangeSingleStep done

Events (20 events):
Event: 0.306 loading class jdk/internal/reflect/Label
Event: 0.306 loading class jdk/internal/reflect/Label done
Event: 0.306 loading class jdk/internal/reflect/Label$PatchInfo
Event: 0.306 loading class jdk/internal/reflect/Label$PatchInfo done
Event: 0.306 loading class jdk/internal/reflect/MethodAccessorGenerator$1
Event: 0.306 loading class jdk/internal/reflect/MethodAccessorGenerator$1 done
Event: 0.306 loading class jdk/internal/reflect/ClassDefiner
Event: 0.306 loading class jdk/internal/reflect/ClassDefiner done
Event: 0.306 loading class jdk/internal/reflect/ClassDefiner$1
Event: 0.306 loading class jdk/internal/reflect/ClassDefiner$1 done
Event: 0.306 loading class jdk/internal/reflect/BootstrapConstructorAccessorImpl
Event: 0.306 loading class jdk/internal/reflect/BootstrapConstructorAccessorImpl done
Event: 0.316 loading class java/lang/IllegalStateException
Event: 0.316 loading class java/lang/IllegalStateException done
Event: 0.318 loading class java/lang/WeakPairMap$Pair$Weak
Event: 0.318 loading class java/lang/WeakPairMap$WeakRefPeer
Event: 0.318 loading class java/lang/WeakPairMap$WeakRefPeer done
Event: 0.318 loading class java/lang/WeakPairMap$Pair$Weak done
Event: 0.318 loading class java/lang/WeakPairMap$Pair$Weak$1
Event: 0.318 loading class java/lang/WeakPairMap$Pair$Weak$1 done


Dynamic libraries:
0x00007ff66ae80000 - 0x00007ff66ae8e000 	C:\Users\dufqn\.p2\pool\plugins\org.eclipse.justj.openjdk.hotspot.jre.full.win32.x86_64_17.0.4.v20221004-1257\jre\bin\javaw.exe
0x00007ff8a3810000 - 0x00007ff8a3a08000 	C:\WINDOWS\SYSTEM32\ntdll.dll
0x00007ff873530000 - 0x00007ff873549000 	C:\Program Files\AVAST Software\Avast\aswhook.dll
0x00007ff8a3320000 - 0x00007ff8a33df000 	C:\WINDOWS\System32\KERNEL32.DLL
0x00007ff8a13b0000 - 0x00007ff8a16a6000 	C:\WINDOWS\System32\KERNELBASE.dll
0x00007ff8a1150000 - 0x00007ff8a1250000 	C:\WINDOWS\System32\ucrtbase.dll
0x00007ff89c5e0000 - 0x00007ff89c5f9000 	C:\Users\dufqn\.p2\pool\plugins\org.eclipse.justj.openjdk.hotspot.jre.full.win32.x86_64_17.0.4.v20221004-1257\jre\bin\VCRUNTIME140.dll
0x00007ff89c6c0000 - 0x00007ff89c6d8000 	C:\Users\dufqn\.p2\pool\plugins\org.eclipse.justj.openjdk.hotspot.jre.full.win32.x86_64_17.0.4.v20221004-1257\jre\bin\jli.dll
0x00007ff8a2c50000 - 0x00007ff8a2ded000 	C:\WINDOWS\System32\USER32.dll
0x00007ff88aa80000 - 0x00007ff88ad1a000 	C:\WINDOWS\WinSxS\amd64_microsoft.windows.common-controls_6595b64144ccf1df_6.0.19041.1110_none_60b5254171f9507e\COMCTL32.dll
0x00007ff8a1080000 - 0x00007ff8a10a2000 	C:\WINDOWS\System32\win32u.dll
0x00007ff8a2460000 - 0x00007ff8a24fe000 	C:\WINDOWS\System32\msvcrt.dll
0x00007ff8a3740000 - 0x00007ff8a376c000 	C:\WINDOWS\System32\GDI32.dll
0x00007ff8a0ef0000 - 0x00007ff8a1005000 	C:\WINDOWS\System32\gdi32full.dll
0x00007ff8a10b0000 - 0x00007ff8a114d000 	C:\WINDOWS\System32\msvcp_win.dll
0x00007ff8a3080000 - 0x00007ff8a30b0000 	C:\WINDOWS\System32\IMM32.DLL
0x00007ff89d820000 - 0x00007ff89d82c000 	C:\Users\dufqn\.p2\pool\plugins\org.eclipse.justj.openjdk.hotspot.jre.full.win32.x86_64_17.0.4.v20221004-1257\jre\bin\vcruntime140_1.dll
0x00007ff89a060000 - 0x00007ff89a0f1000 	C:\Users\dufqn\.p2\pool\plugins\org.eclipse.justj.openjdk.hotspot.jre.full.win32.x86_64_17.0.4.v20221004-1257\jre\bin\msvcp140.dll
0x00007ff83d3b0000 - 0x00007ff83dff6000 	C:\Users\dufqn\.p2\pool\plugins\org.eclipse.justj.openjdk.hotspot.jre.full.win32.x86_64_17.0.4.v20221004-1257\jre\bin\server\jvm.dll
0x00007ff8a31d0000 - 0x00007ff8a327f000 	C:\WINDOWS\System32\ADVAPI32.dll
0x00007ff8a2e00000 - 0x00007ff8a2e9c000 	C:\WINDOWS\System32\sechost.dll
0x00007ff8a2330000 - 0x00007ff8a2456000 	C:\WINDOWS\System32\RPCRT4.dll
0x00007ff8a3310000 - 0x00007ff8a3318000 	C:\WINDOWS\System32\PSAPI.DLL
0x00007ff897d50000 - 0x00007ff897d77000 	C:\WINDOWS\SYSTEM32\WINMM.dll
0x00007ff889280000 - 0x00007ff889289000 	C:\WINDOWS\SYSTEM32\WSOCK32.dll
0x00007ff899be0000 - 0x00007ff899bea000 	C:\WINDOWS\SYSTEM32\VERSION.dll
0x00007ff8a2f20000 - 0x00007ff8a2f8b000 	C:\WINDOWS\System32\WS2_32.dll
0x00007ff89f730000 - 0x00007ff89f742000 	C:\WINDOWS\SYSTEM32\kernel.appcore.dll
0x00007ff89b8b0000 - 0x00007ff89b8ba000 	C:\Users\dufqn\.p2\pool\plugins\org.eclipse.justj.openjdk.hotspot.jre.full.win32.x86_64_17.0.4.v20221004-1257\jre\bin\jimage.dll
0x00007ff89ed40000 - 0x00007ff89ef24000 	C:\WINDOWS\SYSTEM32\DBGHELP.DLL
0x00007ff897cb0000 - 0x00007ff897ce4000 	C:\WINDOWS\SYSTEM32\dbgcore.DLL
0x00007ff8a16e0000 - 0x00007ff8a1762000 	C:\WINDOWS\System32\bcryptPrimitives.dll
0x00007ff89b790000 - 0x00007ff89b7cb000 	C:\Users\dufqn\.p2\pool\plugins\org.eclipse.justj.openjdk.hotspot.jre.full.win32.x86_64_17.0.4.v20221004-1257\jre\bin\jdwp.dll
0x00007ff89c5b0000 - 0x00007ff89c5be000 	C:\Users\dufqn\.p2\pool\plugins\org.eclipse.justj.openjdk.hotspot.jre.full.win32.x86_64_17.0.4.v20221004-1257\jre\bin\instrument.dll
0x00007ff889420000 - 0x00007ff889445000 	C:\Users\dufqn\.p2\pool\plugins\org.eclipse.justj.openjdk.hotspot.jre.full.win32.x86_64_17.0.4.v20221004-1257\jre\bin\java.dll
0x00007ff897200000 - 0x00007ff897218000 	C:\Users\dufqn\.p2\pool\plugins\org.eclipse.justj.openjdk.hotspot.jre.full.win32.x86_64_17.0.4.v20221004-1257\jre\bin\zip.dll
0x00007ff8a2500000 - 0x00007ff8a2c44000 	C:\WINDOWS\System32\SHELL32.dll
0x00007ff89ef50000 - 0x00007ff89f6e3000 	C:\WINDOWS\SYSTEM32\windows.storage.dll
0x00007ff8a33e0000 - 0x00007ff8a3734000 	C:\WINDOWS\System32\combase.dll
0x00007ff8a0930000 - 0x00007ff8a095e000 	C:\WINDOWS\SYSTEM32\Wldp.dll
0x00007ff8a2280000 - 0x00007ff8a232d000 	C:\WINDOWS\System32\SHCORE.dll
0x00007ff8a1ee0000 - 0x00007ff8a1f35000 	C:\WINDOWS\System32\shlwapi.dll
0x00007ff8a0e20000 - 0x00007ff8a0e45000 	C:\WINDOWS\SYSTEM32\profapi.dll
0x00007ff890960000 - 0x00007ff890979000 	C:\Users\dufqn\.p2\pool\plugins\org.eclipse.justj.openjdk.hotspot.jre.full.win32.x86_64_17.0.4.v20221004-1257\jre\bin\net.dll
0x00007ff89a910000 - 0x00007ff89aa1a000 	C:\WINDOWS\SYSTEM32\WINHTTP.dll
0x00007ff8a0640000 - 0x00007ff8a06aa000 	C:\WINDOWS\system32\mswsock.dll
0x00007ff889400000 - 0x00007ff889415000 	C:\Users\dufqn\.p2\pool\plugins\org.eclipse.justj.openjdk.hotspot.jre.full.win32.x86_64_17.0.4.v20221004-1257\jre\bin\nio.dll
0x00007ff89c5a0000 - 0x00007ff89c5ac000 	C:\Users\dufqn\.p2\pool\plugins\org.eclipse.justj.openjdk.hotspot.jre.full.win32.x86_64_17.0.4.v20221004-1257\jre\bin\dt_socket.dll
0x00007ff8a0300000 - 0x00007ff8a033b000 	C:\WINDOWS\SYSTEM32\IPHLPAPI.DLL
0x00007ff8a0350000 - 0x00007ff8a041a000 	C:\WINDOWS\SYSTEM32\DNSAPI.dll
0x00007ff8a3300000 - 0x00007ff8a3308000 	C:\WINDOWS\System32\NSI.dll
0x00007ff8986f0000 - 0x00007ff8986fa000 	C:\Windows\System32\rasadhlp.dll
0x00007ff896310000 - 0x00007ff896392000 	C:\WINDOWS\System32\fwpuclnt.dll
0x00007ff8a16b0000 - 0x00007ff8a16d7000 	C:\WINDOWS\System32\bcrypt.dll
0x00007ff8995a0000 - 0x00007ff8995b0000 	C:\Users\dufqn\.p2\pool\plugins\org.eclipse.justj.openjdk.hotspot.jre.full.win32.x86_64_17.0.4.v20221004-1257\jre\bin\verify.dll

dbghelp: loaded successfully - version: 4.0.5 - missing functions: none
symbol engine: initialized successfully - sym options: 0x614 - pdb path: .;C:\Users\dufqn\.p2\pool\plugins\org.eclipse.justj.openjdk.hotspot.jre.full.win32.x86_64_17.0.4.v20221004-1257\jre\bin;C:\WINDOWS\SYSTEM32;C:\Program Files\AVAST Software\Avast;C:\WINDOWS\WinSxS\amd64_microsoft.windows.common-controls_6595b64144ccf1df_6.0.19041.1110_none_60b5254171f9507e;C:\Users\dufqn\.p2\pool\plugins\org.eclipse.justj.openjdk.hotspot.jre.full.win32.x86_64_17.0.4.v20221004-1257\jre\bin\server

VM Arguments:
jvm_args: -XX:+ShowCodeDetailsInExceptionMessages -agentlib:jdwp=transport=dt_socket,suspend=y,address=localhost:1147 -javaagent:C:\Users\dufqn\eclipse\jee-2022-09\eclipse\configuration\org.eclipse.osgi\421\0\.cp\lib\javaagent-shaded.jar -Dfile.encoding=UTF-8 --module-path=C:\Users\dufqn\eclipse-workspace\stack\bin -Djdk.module.main=stack 
java_command: stack/queue.Main
java_class_path (initial): <not set>
Launcher Type: SUN_STANDARD

[Global flags]
     intx CICompilerCount                          = 4                                         {product} {ergonomic}
     uint ConcGCThreads                            = 3                                         {product} {ergonomic}
     uint G1ConcRefinementThreads                  = 10                                        {product} {ergonomic}
   size_t G1HeapRegionSize                         = 2097152                                   {product} {ergonomic}
    uintx GCDrainStackTargetSize                   = 64                                        {product} {ergonomic}
   size_t InitialHeapSize                          = 268435456                                 {product} {ergonomic}
   size_t MarkStackSize                            = 4194304                                   {product} {ergonomic}
   size_t MaxHeapSize                              = 4278190080                                {product} {ergonomic}
   size_t MaxNewSize                               = 2566914048                                {product} {ergonomic}
   size_t MinHeapDeltaBytes                        = 2097152                                   {product} {ergonomic}
   size_t MinHeapSize                              = 8388608                                   {product} {ergonomic}
    uintx NonNMethodCodeHeapSize                   = 5839372                                {pd product} {ergonomic}
    uintx NonProfiledCodeHeapSize                  = 122909434                              {pd product} {ergonomic}
    uintx ProfiledCodeHeapSize                     = 122909434                              {pd product} {ergonomic}
    uintx ReservedCodeCacheSize                    = 251658240                              {pd product} {ergonomic}
     bool SegmentedCodeCache                       = true                                      {product} {ergonomic}
     bool ShowCodeDetailsInExceptionMessages       = true                                   {manageable} {command line}
   size_t SoftMaxHeapSize                          = 4278190080                             {manageable} {ergonomic}
     bool UseCompressedClassPointers               = true                           {product lp64_product} {ergonomic}
     bool UseCompressedOops                        = true                           {product lp64_product} {ergonomic}
     bool UseG1GC                                  = true                                      {product} {ergonomic}
     bool UseLargePagesIndividualAllocation        = false                                  {pd product} {ergonomic}

Logging:
Log output configuration:
 #0: stdout all=warning uptime,level,tags
 #1: stderr all=off uptime,level,tags

Environment Variables:
JAVA_HOME=C:\Program Files\Java\jdk1.8.0_311\bin
PATH=C:\Users\dufqn\.p2\pool\plugins\org.eclipse.justj.openjdk.hotspot.jre.full.win32.x86_64_17.0.4.v20221004-1257\jre\bin;C:/Users/dufqn/.p2/pool/plugins/org.eclipse.justj.openjdk.hotspot.jre.full.win32.x86_64_17.0.4.v20221004-1257/jre/bin/server;C:/Users/dufqn/.p2/pool/plugins/org.eclipse.justj.openjdk.hotspot.jre.full.win32.x86_64_17.0.4.v20221004-1257/jre/bin;C:\Program Files (x86)\Common Files\Oracle\Java\javapath;C:\ProgramData\Anaconda3;C:\ProgramData\Anaconda3\Library\mingw-w64\bin;C:\ProgramData\Anaconda3\Library\usr\bin;C:\ProgramData\Anaconda3\Library\bin;C:\ProgramData\Anaconda3\Scripts;C:\WINDOWS\system32;C:\WINDOWS;C:\WINDOWS\System32\Wbem;C:\WINDOWS\System32\WindowsPowerShell\v1.0\;C:\WINDOWS\System32\OpenSSH\;C:\Program Files\Microsoft VS Code\bin;C:\Program Files\nodejs\;C:\Users\dufqn\AppData\Local\Microsoft\WindowsApps;C:\Program Files\Bandizip\;C:\Users\dufqn\AppData\Local\afreeca;C:\Program Files\Java\jdk1.8.0_311\bin;C:\Users\dufqn\AppData\Roaming\npm;C:\WINDOWS\System32;
USERNAME=dufqn
OS=Windows_NT
PROCESSOR_IDENTIFIER=AMD64 Family 23 Model 113 Stepping 0, AuthenticAMD
TMP=C:\Users\dufqn\AppData\Local\Temp
TEMP=C:\Users\dufqn\AppData\Local\Temp



---------------  S Y S T E M  ---------------

OS:
 Windows 10 , 64 bit Build 19041 (10.0.19041.3155)
OS uptime: 15 days 2:32 hours
Hyper-V role detected

CPU: total 12 (initial active 12) (12 cores per cpu, 2 threads per core) family 23 model 113 stepping 0 microcode 0x0, cx8, cmov, fxsr, ht, mmx, 3dnowpref, sse, sse2, sse3, ssse3, sse4a, sse4.1, sse4.2, popcnt, lzcnt, tsc, tscinvbit, avx, avx2, aes, clmul, bmi1, bmi2, adx, sha, fma, vzeroupper, clflush, clflushopt, hv

Memory: 4k page, system-wide physical 16314M (8493M free)
TotalPageFile size 18884M (AvailPageFile size 6911M)
current process WorkingSet (physical memory assigned to process): 47M, peak: 50M
current process commit charge ("private bytes"): 348M, peak: 352M

vm_info: OpenJDK 64-Bit Server VM (17.0.4.1+1) for windows-amd64 JRE (17.0.4.1+1), built on Aug 17 2022 07:42:43 by "temurin" with MS VC++ 16.7 (VS2019)

END.
